CRITICAL - 2024-02-26 01:39:06 --> ErrorException: Undefined variable $tgl_kadaluarsa_formatted
in APPPATH\Views\data\akrprodi.php on line 80.
 1 APPPATH\Views\data\akrprodi.php(80): CodeIgniter\Debug\Exceptions->errorHandler(2, 'Undefined variable $tgl_kadaluarsa_formatted', 'E:\\xampp\\htdocs\\sistem-aps-uho\\app\\Views\\data\\akrprodi.php', 80)
 2 SYSTEMPATH\View\View.php(228): include('E:\\xampp\\htdocs\\sistem-aps-uho\\app\\Views\\data\\akrprodi.php')
 3 SYSTEMPATH\View\View.php(231): CodeIgniter\View\View->CodeIgniter\View\{closure}()
 4 SYSTEMPATH\Common.php(1178): CodeIgniter\View\View->render('data/akrprodi', [], true)
 5 APPPATH\Controllers\Data.php(229): view('data/akrprodi', [...])
 6 SYSTEMPATH\CodeIgniter.php(941): App\Controllers\Data->akrprodi()
 7 SYSTEMPATH\CodeIgniter.php(502): CodeIgniter\CodeIgniter->runController(Object(App\Controllers\Data))
 8 SYSTEMPATH\CodeIgniter.php(361): CodeIgniter\CodeIgniter->handleRequest(null, Object(Config\Cache), false)
 9 FCPATH\index.php(79): CodeIgniter\CodeIgniter->run()
10 SYSTEMPATH\Commands\Server\rewrite.php(47): require_once('E:\\xampp\\htdocs\\sistem-aps-uho\\public\\index.php')
CRITICAL - 2024-02-26 01:39:43 --> ErrorException: Undefined variable $tgl_sk_object
in APPPATH\Views\data\akrprodi.php on line 74.
 1 APPPATH\Views\data\akrprodi.php(74): CodeIgniter\Debug\Exceptions->errorHandler(2, 'Undefined variable $tgl_sk_object', 'E:\\xampp\\htdocs\\sistem-aps-uho\\app\\Views\\data\\akrprodi.php', 74)
 2 SYSTEMPATH\View\View.php(228): include('E:\\xampp\\htdocs\\sistem-aps-uho\\app\\Views\\data\\akrprodi.php')
 3 SYSTEMPATH\View\View.php(231): CodeIgniter\View\View->CodeIgniter\View\{closure}()
 4 SYSTEMPATH\Common.php(1178): CodeIgniter\View\View->render('data/akrprodi', [], true)
 5 APPPATH\Controllers\Data.php(229): view('data/akrprodi', [...])
 6 SYSTEMPATH\CodeIgniter.php(941): App\Controllers\Data->akrprodi()
 7 SYSTEMPATH\CodeIgniter.php(502): CodeIgniter\CodeIgniter->runController(Object(App\Controllers\Data))
 8 SYSTEMPATH\CodeIgniter.php(361): CodeIgniter\CodeIgniter->handleRequest(null, Object(Config\Cache), false)
 9 FCPATH\index.php(79): CodeIgniter\CodeIgniter->run()
10 SYSTEMPATH\Commands\Server\rewrite.php(47): require_once('E:\\xampp\\htdocs\\sistem-aps-uho\\public\\index.php')
CRITICAL - 2024-02-26 10:15:51 --> ErrorException: Undefined array key "tgl_sk"
in APPPATH\Views\data\home.php on line 207.
 1 APPPATH\Views\data\home.php(207): CodeIgniter\Debug\Exceptions->errorHandler(2, 'Undefined array key "tgl_sk"', 'E:\\xampp\\htdocs\\sistem-aps-uho\\app\\Views\\data\\home.php', 207)
 2 SYSTEMPATH\View\View.php(228): include('E:\\xampp\\htdocs\\sistem-aps-uho\\app\\Views\\data\\home.php')
 3 SYSTEMPATH\View\View.php(231): CodeIgniter\View\View->CodeIgniter\View\{closure}()
 4 SYSTEMPATH\Common.php(1178): CodeIgniter\View\View->render('data/home', [], true)
 5 APPPATH\Controllers\Data.php(66): view('data/home', [...])
 6 SYSTEMPATH\CodeIgniter.php(941): App\Controllers\Data->home()
 7 SYSTEMPATH\CodeIgniter.php(502): CodeIgniter\CodeIgniter->runController(Object(App\Controllers\Data))
 8 SYSTEMPATH\CodeIgniter.php(361): CodeIgniter\CodeIgniter->handleRequest(null, Object(Config\Cache), false)
 9 FCPATH\index.php(79): CodeIgniter\CodeIgniter->run()
10 SYSTEMPATH\Commands\Server\rewrite.php(47): require_once('E:\\xampp\\htdocs\\sistem-aps-uho\\public\\index.php')
CRITICAL - 2024-02-26 10:20:29 --> ErrorException: Undefined array key "tgl_sk"
in APPPATH\Views\data\home.php on line 207.
 1 APPPATH\Views\data\home.php(207): CodeIgniter\Debug\Exceptions->errorHandler(2, 'Undefined array key "tgl_sk"', 'E:\\xampp\\htdocs\\sistem-aps-uho\\app\\Views\\data\\home.php', 207)
 2 SYSTEMPATH\View\View.php(228): include('E:\\xampp\\htdocs\\sistem-aps-uho\\app\\Views\\data\\home.php')
 3 SYSTEMPATH\View\View.php(231): CodeIgniter\View\View->CodeIgniter\View\{closure}()
 4 SYSTEMPATH\Common.php(1178): CodeIgniter\View\View->render('data/home', [], true)
 5 APPPATH\Controllers\Data.php(66): view('data/home', [...])
 6 SYSTEMPATH\CodeIgniter.php(941): App\Controllers\Data->home()
 7 SYSTEMPATH\CodeIgniter.php(502): CodeIgniter\CodeIgniter->runController(Object(App\Controllers\Data))
 8 SYSTEMPATH\CodeIgniter.php(361): CodeIgniter\CodeIgniter->handleRequest(null, Object(Config\Cache), false)
 9 FCPATH\index.php(79): CodeIgniter\CodeIgniter->run()
10 SYSTEMPATH\Commands\Server\rewrite.php(47): require_once('E:\\xampp\\htdocs\\sistem-aps-uho\\public\\index.php')
CRITICAL - 2024-02-26 05:42:14 --> ErrorException: Undefined variable $akrinternasional
in APPPATH\Views\data\akreksternal.php on line 181.
 1 APPPATH\Views\data\akreksternal.php(181): CodeIgniter\Debug\Exceptions->errorHandler(2, 'Undefined variable $akrinternasional', 'E:\\xampp\\htdocs\\sistem-aps-uho\\app\\Views\\data\\akreksternal.php', 181)
 2 SYSTEMPATH\View\View.php(228): include('E:\\xampp\\htdocs\\sistem-aps-uho\\app\\Views\\data\\akreksternal.php')
 3 SYSTEMPATH\View\View.php(231): CodeIgniter\View\View->CodeIgniter\View\{closure}()
 4 SYSTEMPATH\Common.php(1178): CodeIgniter\View\View->render('data/akreksternal', [], true)
 5 APPPATH\Controllers\Data.php(252): view('data/akreksternal', [...])
 6 SYSTEMPATH\CodeIgniter.php(941): App\Controllers\Data->akreksternal()
 7 SYSTEMPATH\CodeIgniter.php(502): CodeIgniter\CodeIgniter->runController(Object(App\Controllers\Data))
 8 SYSTEMPATH\CodeIgniter.php(361): CodeIgniter\CodeIgniter->handleRequest(null, Object(Config\Cache), false)
 9 FCPATH\index.php(79): CodeIgniter\CodeIgniter->run()
10 SYSTEMPATH\Commands\Server\rewrite.php(47): require_once('E:\\xampp\\htdocs\\sistem-aps-uho\\public\\index.php')
CRITICAL - 2024-02-26 05:54:52 --> ErrorException: Attempt to read property "id" on array
in APPPATH\Views\data\akreksternal.php on line 191.
 1 APPPATH\Views\data\akreksternal.php(191): CodeIgniter\Debug\Exceptions->errorHandler(2, 'Attempt to read property "id" on array', 'E:\\xampp\\htdocs\\sistem-aps-uho\\app\\Views\\data\\akreksternal.php', 191)
 2 SYSTEMPATH\View\View.php(228): include('E:\\xampp\\htdocs\\sistem-aps-uho\\app\\Views\\data\\akreksternal.php')
 3 SYSTEMPATH\View\View.php(231): CodeIgniter\View\View->CodeIgniter\View\{closure}()
 4 SYSTEMPATH\Common.php(1178): CodeIgniter\View\View->render('data/akreksternal', [], true)
 5 APPPATH\Controllers\Data.php(252): view('data/akreksternal', [...])
 6 SYSTEMPATH\CodeIgniter.php(941): App\Controllers\Data->akreksternal()
 7 SYSTEMPATH\CodeIgniter.php(502): CodeIgniter\CodeIgniter->runController(Object(App\Controllers\Data))
 8 SYSTEMPATH\CodeIgniter.php(361): CodeIgniter\CodeIgniter->handleRequest(null, Object(Config\Cache), false)
 9 FCPATH\index.php(79): CodeIgniter\CodeIgniter->run()
10 SYSTEMPATH\Commands\Server\rewrite.php(47): require_once('E:\\xampp\\htdocs\\sistem-aps-uho\\public\\index.php')
CRITICAL - 2024-02-26 05:55:19 --> ErrorException: Undefined variable $pg
in APPPATH\Views\data\akreksternal.php on line 191.
 1 APPPATH\Views\data\akreksternal.php(191): CodeIgniter\Debug\Exceptions->errorHandler(2, 'Undefined variable $pg', 'E:\\xampp\\htdocs\\sistem-aps-uho\\app\\Views\\data\\akreksternal.php', 191)
 2 SYSTEMPATH\View\View.php(228): include('E:\\xampp\\htdocs\\sistem-aps-uho\\app\\Views\\data\\akreksternal.php')
 3 SYSTEMPATH\View\View.php(231): CodeIgniter\View\View->CodeIgniter\View\{closure}()
 4 SYSTEMPATH\Common.php(1178): CodeIgniter\View\View->render('data/akreksternal', [], true)
 5 APPPATH\Controllers\Data.php(252): view('data/akreksternal', [...])
 6 SYSTEMPATH\CodeIgniter.php(941): App\Controllers\Data->akreksternal()
 7 SYSTEMPATH\CodeIgniter.php(502): CodeIgniter\CodeIgniter->runController(Object(App\Controllers\Data))
 8 SYSTEMPATH\CodeIgniter.php(361): CodeIgniter\CodeIgniter->handleRequest(null, Object(Config\Cache), false)
 9 FCPATH\index.php(79): CodeIgniter\CodeIgniter->run()
10 SYSTEMPATH\Commands\Server\rewrite.php(47): require_once('E:\\xampp\\htdocs\\sistem-aps-uho\\public\\index.php')
CRITICAL - 2024-02-26 05:57:03 --> ErrorException: Undefined variable $pg
in APPPATH\Views\data\akreksternal.php on line 191.
 1 APPPATH\Views\data\akreksternal.php(191): CodeIgniter\Debug\Exceptions->errorHandler(2, 'Undefined variable $pg', 'E:\\xampp\\htdocs\\sistem-aps-uho\\app\\Views\\data\\akreksternal.php', 191)
 2 SYSTEMPATH\View\View.php(228): include('E:\\xampp\\htdocs\\sistem-aps-uho\\app\\Views\\data\\akreksternal.php')
 3 SYSTEMPATH\View\View.php(231): CodeIgniter\View\View->CodeIgniter\View\{closure}()
 4 SYSTEMPATH\Common.php(1178): CodeIgniter\View\View->render('data/akreksternal', [], true)
 5 APPPATH\Controllers\Data.php(252): view('data/akreksternal', [...])
 6 SYSTEMPATH\CodeIgniter.php(941): App\Controllers\Data->akreksternal()
 7 SYSTEMPATH\CodeIgniter.php(502): CodeIgniter\CodeIgniter->runController(Object(App\Controllers\Data))
 8 SYSTEMPATH\CodeIgniter.php(361): CodeIgniter\CodeIgniter->handleRequest(null, Object(Config\Cache), false)
 9 FCPATH\index.php(79): CodeIgniter\CodeIgniter->run()
10 SYSTEMPATH\Commands\Server\rewrite.php(47): require_once('E:\\xampp\\htdocs\\sistem-aps-uho\\public\\index.php')
CRITICAL - 2024-02-26 06:22:05 --> ErrorException: Undefined variable $mhsasing
in APPPATH\Views\data\pembelajaranpraktikum.php on line 149.
 1 APPPATH\Views\data\pembelajaranpraktikum.php(149): CodeIgniter\Debug\Exceptions->errorHandler(2, 'Undefined variable $mhsasing', 'E:\\xampp\\htdocs\\sistem-aps-uho\\app\\Views\\data\\pembelajaranpraktikum.php', 149)
 2 SYSTEMPATH\View\View.php(228): include('E:\\xampp\\htdocs\\sistem-aps-uho\\app\\Views\\data\\pembelajaranpraktikum.php')
 3 SYSTEMPATH\View\View.php(231): CodeIgniter\View\View->CodeIgniter\View\{closure}()
 4 SYSTEMPATH\Common.php(1178): CodeIgniter\View\View->render('data/pembelajaranpraktikum', [], true)
 5 APPPATH\Controllers\Data.php(276): view('data/pembelajaranpraktikum', [...])
 6 SYSTEMPATH\CodeIgniter.php(941): App\Controllers\Data->pembelajaranpraktikum()
 7 SYSTEMPATH\CodeIgniter.php(502): CodeIgniter\CodeIgniter->runController(Object(App\Controllers\Data))
 8 SYSTEMPATH\CodeIgniter.php(361): CodeIgniter\CodeIgniter->handleRequest(null, Object(Config\Cache), false)
 9 FCPATH\index.php(79): CodeIgniter\CodeIgniter->run()
10 SYSTEMPATH\Commands\Server\rewrite.php(47): require_once('E:\\xampp\\htdocs\\sistem-aps-uho\\public\\index.php')
CRITICAL - 2024-02-26 06:25:30 --> ErrorException: Undefined variable $pembelajaranpraktikum
in APPPATH\Views\data\pembelajaranpraktikum.php on line 148.
 1 APPPATH\Views\data\pembelajaranpraktikum.php(148): CodeIgniter\Debug\Exceptions->errorHandler(2, 'Undefined variable $pembelajaranpraktikum', 'E:\\xampp\\htdocs\\sistem-aps-uho\\app\\Views\\data\\pembelajaranpraktikum.php', 148)
 2 SYSTEMPATH\View\View.php(228): include('E:\\xampp\\htdocs\\sistem-aps-uho\\app\\Views\\data\\pembelajaranpraktikum.php')
 3 SYSTEMPATH\View\View.php(231): CodeIgniter\View\View->CodeIgniter\View\{closure}()
 4 SYSTEMPATH\Common.php(1178): CodeIgniter\View\View->render('data/pembelajaranpraktikum', [], true)
 5 APPPATH\Controllers\Data.php(276): view('data/pembelajaranpraktikum', [...])
 6 SYSTEMPATH\CodeIgniter.php(941): App\Controllers\Data->pembelajaranpraktikum()
 7 SYSTEMPATH\CodeIgniter.php(502): CodeIgniter\CodeIgniter->runController(Object(App\Controllers\Data))
 8 SYSTEMPATH\CodeIgniter.php(361): CodeIgniter\CodeIgniter->handleRequest(null, Object(Config\Cache), false)
 9 FCPATH\index.php(79): CodeIgniter\CodeIgniter->run()
10 SYSTEMPATH\Commands\Server\rewrite.php(47): require_once('E:\\xampp\\htdocs\\sistem-aps-uho\\public\\index.php')
