CRITICAL - 2025-01-02 12:11:46 --> ErrorException: Undefined property: stdClass::$rasio
in APPPATH\Views\data\bebankerjadosen.php on line 37.
 1 APPPATH\Views\data\bebankerjadosen.php(37): CodeIgniter\Debug\Exceptions->errorHandler(2, 'Undefined property: stdClass::$rasio', 'C:\\xampp\\htdocs\\sistem-aps-uho\\app\\Views\\data\\bebankerjadosen.php', 37)
 2 SYSTEMPATH\View\View.php(228): include('C:\\xampp\\htdocs\\sistem-aps-uho\\app\\Views\\data\\bebankerjadosen.php')
 3 SYSTEMPATH\View\View.php(231): CodeIgniter\View\View->CodeIgniter\View\{closure}()
 4 SYSTEMPATH\Common.php(1178): CodeIgniter\View\View->render('data/bebankerjadosen', [], true)
 5 APPPATH\Controllers\Data.php(551): view('data/bebankerjadosen', [...])
 6 SYSTEMPATH\CodeIgniter.php(941): App\Controllers\Data->bebankerjadosen()
 7 SYSTEMPATH\CodeIgniter.php(502): CodeIgniter\CodeIgniter->runController(Object(App\Controllers\Data))
 8 SYSTEMPATH\CodeIgniter.php(361): CodeIgniter\CodeIgniter->handleRequest(null, Object(Config\Cache), false)
 9 FCPATH\index.php(79): CodeIgniter\CodeIgniter->run()
10 SYSTEMPATH\Commands\Server\rewrite.php(47): require_once('C:\\xampp\\htdocs\\sistem-aps-uho\\public\\index.php')
CRITICAL - 2025-01-02 12:12:05 --> ErrorException: Undefined property: stdClass::$rasio
in APPPATH\Views\data\bebankerjadosen.php on line 37.
 1 APPPATH\Views\data\bebankerjadosen.php(37): CodeIgniter\Debug\Exceptions->errorHandler(2, 'Undefined property: stdClass::$rasio', 'C:\\xampp\\htdocs\\sistem-aps-uho\\app\\Views\\data\\bebankerjadosen.php', 37)
 2 SYSTEMPATH\View\View.php(228): include('C:\\xampp\\htdocs\\sistem-aps-uho\\app\\Views\\data\\bebankerjadosen.php')
 3 SYSTEMPATH\View\View.php(231): CodeIgniter\View\View->CodeIgniter\View\{closure}()
 4 SYSTEMPATH\Common.php(1178): CodeIgniter\View\View->render('data/bebankerjadosen', [], true)
 5 APPPATH\Controllers\Data.php(551): view('data/bebankerjadosen', [...])
 6 SYSTEMPATH\CodeIgniter.php(941): App\Controllers\Data->bebankerjadosen()
 7 SYSTEMPATH\CodeIgniter.php(502): CodeIgniter\CodeIgniter->runController(Object(App\Controllers\Data))
 8 SYSTEMPATH\CodeIgniter.php(361): CodeIgniter\CodeIgniter->handleRequest(null, Object(Config\Cache), false)
 9 FCPATH\index.php(79): CodeIgniter\CodeIgniter->run()
10 SYSTEMPATH\Commands\Server\rewrite.php(47): require_once('C:\\xampp\\htdocs\\sistem-aps-uho\\public\\index.php')
CRITICAL - 2025-01-02 12:26:05 --> Error: Cannot use object of type stdClass as array
in APPPATH\Views\data\bebankerjadosen.php on line 43.
 1 SYSTEMPATH\View\View.php(228): include()
 2 SYSTEMPATH\View\View.php(231): CodeIgniter\View\View->CodeIgniter\View\{closure}()
 3 SYSTEMPATH\Common.php(1178): CodeIgniter\View\View->render('data/bebankerjadosen', [], true)
 4 APPPATH\Controllers\Data.php(551): view('data/bebankerjadosen', [...])
 5 SYSTEMPATH\CodeIgniter.php(941): App\Controllers\Data->bebankerjadosen()
 6 SYSTEMPATH\CodeIgniter.php(502): CodeIgniter\CodeIgniter->runController(Object(App\Controllers\Data))
 7 SYSTEMPATH\CodeIgniter.php(361): CodeIgniter\CodeIgniter->handleRequest(null, Object(Config\Cache), false)
 8 FCPATH\index.php(79): CodeIgniter\CodeIgniter->run()
 9 SYSTEMPATH\Commands\Server\rewrite.php(47): require_once('C:\\xampp\\htdocs\\sistem-aps-uho\\public\\index.php')
CRITICAL - 2025-01-02 13:01:12 --> ErrorException: Undefined variable $bkd
in APPPATH\Views\data\kecukupandosen.php on line 46.
 1 APPPATH\Views\data\kecukupandosen.php(46): CodeIgniter\Debug\Exceptions->errorHandler(2, 'Undefined variable $bkd', 'C:\\xampp\\htdocs\\sistem-aps-uho\\app\\Views\\data\\kecukupandosen.php', 46)
 2 SYSTEMPATH\View\View.php(228): include('C:\\xampp\\htdocs\\sistem-aps-uho\\app\\Views\\data\\kecukupandosen.php')
 3 SYSTEMPATH\View\View.php(231): CodeIgniter\View\View->CodeIgniter\View\{closure}()
 4 SYSTEMPATH\Common.php(1178): CodeIgniter\View\View->render('data/kecukupandosen', [], true)
 5 APPPATH\Controllers\Data.php(524): view('data/kecukupandosen', [...])
 6 SYSTEMPATH\CodeIgniter.php(941): App\Controllers\Data->kecukupanDosen()
 7 SYSTEMPATH\CodeIgniter.php(502): CodeIgniter\CodeIgniter->runController(Object(App\Controllers\Data))
 8 SYSTEMPATH\CodeIgniter.php(361): CodeIgniter\CodeIgniter->handleRequest(null, Object(Config\Cache), false)
 9 FCPATH\index.php(79): CodeIgniter\CodeIgniter->run()
10 SYSTEMPATH\Commands\Server\rewrite.php(47): require_once('C:\\xampp\\htdocs\\sistem-aps-uho\\public\\index.php')
CRITICAL - 2025-01-02 13:03:16 --> ErrorException: Undefined variable $bkd
in APPPATH\Views\data\kecukupandosen.php on line 87.
 1 APPPATH\Views\data\kecukupandosen.php(87): CodeIgniter\Debug\Exceptions->errorHandler(2, 'Undefined variable $bkd', 'C:\\xampp\\htdocs\\sistem-aps-uho\\app\\Views\\data\\kecukupandosen.php', 87)
 2 SYSTEMPATH\View\View.php(228): include('C:\\xampp\\htdocs\\sistem-aps-uho\\app\\Views\\data\\kecukupandosen.php')
 3 SYSTEMPATH\View\View.php(231): CodeIgniter\View\View->CodeIgniter\View\{closure}()
 4 SYSTEMPATH\Common.php(1178): CodeIgniter\View\View->render('data/kecukupandosen', [], true)
 5 APPPATH\Controllers\Data.php(524): view('data/kecukupandosen', [...])
 6 SYSTEMPATH\CodeIgniter.php(941): App\Controllers\Data->kecukupanDosen()
 7 SYSTEMPATH\CodeIgniter.php(502): CodeIgniter\CodeIgniter->runController(Object(App\Controllers\Data))
 8 SYSTEMPATH\CodeIgniter.php(361): CodeIgniter\CodeIgniter->handleRequest(null, Object(Config\Cache), false)
 9 FCPATH\index.php(79): CodeIgniter\CodeIgniter->run()
10 SYSTEMPATH\Commands\Server\rewrite.php(47): require_once('C:\\xampp\\htdocs\\sistem-aps-uho\\public\\index.php')
CRITICAL - 2025-01-02 13:05:04 --> ErrorException: Undefined variable $bkd
in APPPATH\Views\data\kecukupandosen.php on line 89.
 1 APPPATH\Views\data\kecukupandosen.php(89): CodeIgniter\Debug\Exceptions->errorHandler(2, 'Undefined variable $bkd', 'C:\\xampp\\htdocs\\sistem-aps-uho\\app\\Views\\data\\kecukupandosen.php', 89)
 2 SYSTEMPATH\View\View.php(228): include('C:\\xampp\\htdocs\\sistem-aps-uho\\app\\Views\\data\\kecukupandosen.php')
 3 SYSTEMPATH\View\View.php(231): CodeIgniter\View\View->CodeIgniter\View\{closure}()
 4 SYSTEMPATH\Common.php(1178): CodeIgniter\View\View->render('data/kecukupandosen', [], true)
 5 APPPATH\Controllers\Data.php(524): view('data/kecukupandosen', [...])
 6 SYSTEMPATH\CodeIgniter.php(941): App\Controllers\Data->kecukupanDosen()
 7 SYSTEMPATH\CodeIgniter.php(502): CodeIgniter\CodeIgniter->runController(Object(App\Controllers\Data))
 8 SYSTEMPATH\CodeIgniter.php(361): CodeIgniter\CodeIgniter->handleRequest(null, Object(Config\Cache), false)
 9 FCPATH\index.php(79): CodeIgniter\CodeIgniter->run()
10 SYSTEMPATH\Commands\Server\rewrite.php(47): require_once('C:\\xampp\\htdocs\\sistem-aps-uho\\public\\index.php')
CRITICAL - 2025-01-02 13:05:33 --> ErrorException: Undefined variable $bkd
in APPPATH\Views\data\kecukupandosen.php on line 89.
 1 APPPATH\Views\data\kecukupandosen.php(89): CodeIgniter\Debug\Exceptions->errorHandler(2, 'Undefined variable $bkd', 'C:\\xampp\\htdocs\\sistem-aps-uho\\app\\Views\\data\\kecukupandosen.php', 89)
 2 SYSTEMPATH\View\View.php(228): include('C:\\xampp\\htdocs\\sistem-aps-uho\\app\\Views\\data\\kecukupandosen.php')
 3 SYSTEMPATH\View\View.php(231): CodeIgniter\View\View->CodeIgniter\View\{closure}()
 4 SYSTEMPATH\Common.php(1178): CodeIgniter\View\View->render('data/kecukupandosen', [], true)
 5 APPPATH\Controllers\Data.php(524): view('data/kecukupandosen', [...])
 6 SYSTEMPATH\CodeIgniter.php(941): App\Controllers\Data->kecukupanDosen()
 7 SYSTEMPATH\CodeIgniter.php(502): CodeIgniter\CodeIgniter->runController(Object(App\Controllers\Data))
 8 SYSTEMPATH\CodeIgniter.php(361): CodeIgniter\CodeIgniter->handleRequest(null, Object(Config\Cache), false)
 9 FCPATH\index.php(79): CodeIgniter\CodeIgniter->run()
10 SYSTEMPATH\Commands\Server\rewrite.php(47): require_once('C:\\xampp\\htdocs\\sistem-aps-uho\\public\\index.php')
CRITICAL - 2025-01-02 13:05:46 --> ErrorException: Undefined variable $bkd
in APPPATH\Views\data\kecukupandosen.php on line 92.
 1 APPPATH\Views\data\kecukupandosen.php(92): CodeIgniter\Debug\Exceptions->errorHandler(2, 'Undefined variable $bkd', 'C:\\xampp\\htdocs\\sistem-aps-uho\\app\\Views\\data\\kecukupandosen.php', 92)
 2 SYSTEMPATH\View\View.php(228): include('C:\\xampp\\htdocs\\sistem-aps-uho\\app\\Views\\data\\kecukupandosen.php')
 3 SYSTEMPATH\View\View.php(231): CodeIgniter\View\View->CodeIgniter\View\{closure}()
 4 SYSTEMPATH\Common.php(1178): CodeIgniter\View\View->render('data/kecukupandosen', [], true)
 5 APPPATH\Controllers\Data.php(524): view('data/kecukupandosen', [...])
 6 SYSTEMPATH\CodeIgniter.php(941): App\Controllers\Data->kecukupanDosen()
 7 SYSTEMPATH\CodeIgniter.php(502): CodeIgniter\CodeIgniter->runController(Object(App\Controllers\Data))
 8 SYSTEMPATH\CodeIgniter.php(361): CodeIgniter\CodeIgniter->handleRequest(null, Object(Config\Cache), false)
 9 FCPATH\index.php(79): CodeIgniter\CodeIgniter->run()
10 SYSTEMPATH\Commands\Server\rewrite.php(47): require_once('C:\\xampp\\htdocs\\sistem-aps-uho\\public\\index.php')
CRITICAL - 2025-01-02 13:05:57 --> ErrorException: Undefined variable $bkd
in APPPATH\Views\data\kecukupandosen.php on line 92.
 1 APPPATH\Views\data\kecukupandosen.php(92): CodeIgniter\Debug\Exceptions->errorHandler(2, 'Undefined variable $bkd', 'C:\\xampp\\htdocs\\sistem-aps-uho\\app\\Views\\data\\kecukupandosen.php', 92)
 2 SYSTEMPATH\View\View.php(228): include('C:\\xampp\\htdocs\\sistem-aps-uho\\app\\Views\\data\\kecukupandosen.php')
 3 SYSTEMPATH\View\View.php(231): CodeIgniter\View\View->CodeIgniter\View\{closure}()
 4 SYSTEMPATH\Common.php(1178): CodeIgniter\View\View->render('data/kecukupandosen', [], true)
 5 APPPATH\Controllers\Data.php(524): view('data/kecukupandosen', [...])
 6 SYSTEMPATH\CodeIgniter.php(941): App\Controllers\Data->kecukupanDosen()
 7 SYSTEMPATH\CodeIgniter.php(502): CodeIgniter\CodeIgniter->runController(Object(App\Controllers\Data))
 8 SYSTEMPATH\CodeIgniter.php(361): CodeIgniter\CodeIgniter->handleRequest(null, Object(Config\Cache), false)
 9 FCPATH\index.php(79): CodeIgniter\CodeIgniter->run()
10 SYSTEMPATH\Commands\Server\rewrite.php(47): require_once('C:\\xampp\\htdocs\\sistem-aps-uho\\public\\index.php')
