ERROR - 2024-03-14 05:56:25 --> mysqli_sql_exception: Column 'lembaga_audit' cannot be null in E:\xampp\htdocs\sistem-aps-uho\vendor\codeigniter4\framework\system\Database\MySQLi\Connection.php:306
Stack trace:
#0 E:\xampp\htdocs\sistem-aps-uho\vendor\codeigniter4\framework\system\Database\MySQLi\Connection.php(306): mysqli->query('INSERT INTO `au...', 0)
#1 E:\xampp\htdocs\sistem-aps-uho\vendor\codeigniter4\framework\system\Database\BaseConnection.php(693): CodeIgniter\Database\MySQLi\Connection->execute('INSERT INTO `au...')
#2 E:\xampp\htdocs\sistem-aps-uho\vendor\codeigniter4\framework\system\Database\BaseConnection.php(607): CodeIgniter\Database\BaseConnection->simpleQuery('INSERT INTO `au...')
#3 E:\xampp\htdocs\sistem-aps-uho\vendor\codeigniter4\framework\system\Database\BaseBuilder.php(2307): CodeIgniter\Database\BaseConnection->query('INSERT INTO `au...', Array, false)
#4 E:\xampp\htdocs\sistem-aps-uho\vendor\codeigniter4\framework\system\Model.php(326): CodeIgniter\Database\BaseBuilder->insert()
#5 E:\xampp\htdocs\sistem-aps-uho\vendor\codeigniter4\framework\system\BaseModel.php(802): CodeIgniter\Model->doInsert(Array)
#6 E:\xampp\htdocs\sistem-aps-uho\vendor\codeigniter4\framework\system\Model.php(744): CodeIgniter\BaseModel->insert(Array, true)
#7 E:\xampp\htdocs\sistem-aps-uho\app\Models\AuditKeuanganEksModel.php(22): CodeIgniter\Model->insert(Array)
#8 E:\xampp\htdocs\sistem-aps-uho\app\Controllers\Data.php(111): App\Models\AuditKeuanganEksModel->simpan(Array)
#9 E:\xampp\htdocs\sistem-aps-uho\vendor\codeigniter4\framework\system\CodeIgniter.php(941): App\Controllers\Data->auditkeuanganeks()
#10 E:\xampp\htdocs\sistem-aps-uho\vendor\codeigniter4\framework\system\CodeIgniter.php(502): CodeIgniter\CodeIgniter->runController(Object(App\Controllers\Data))
#11 E:\xampp\htdocs\sistem-aps-uho\vendor\codeigniter4\framework\system\CodeIgniter.php(361): CodeIgniter\CodeIgniter->handleRequest(NULL, Object(Config\Cache), false)
#12 E:\xampp\htdocs\sistem-aps-uho\public\index.php(79): CodeIgniter\CodeIgniter->run()
#13 E:\xampp\htdocs\sistem-aps-uho\vendor\codeigniter4\framework\system\Commands\Server\rewrite.php(47): require_once('E:\\xampp\\htdocs...')
#14 {main}
CRITICAL - 2024-03-14 05:56:25 --> CodeIgniter\Database\Exceptions\DatabaseException: Column 'lembaga_audit' cannot be null
in SYSTEMPATH\Database\BaseConnection.php on line 647.
 1 SYSTEMPATH\Database\BaseBuilder.php(2307): CodeIgniter\Database\BaseConnection->query('INSERT INTO `audit_keuangan_eks` (`lembaga_audit`, `tahun`, `opini`, `keterangan`) VALUES (:lembaga_audit:, :tahun:, :opini:, :keterangan:)', [...], false)
 2 SYSTEMPATH\Model.php(326): CodeIgniter\Database\BaseBuilder->insert()
 3 SYSTEMPATH\BaseModel.php(802): CodeIgniter\Model->doInsert([...])
 4 SYSTEMPATH\Model.php(744): CodeIgniter\BaseModel->insert([...], true)
 5 APPPATH\Models\AuditKeuanganEksModel.php(22): CodeIgniter\Model->insert([...])
 6 APPPATH\Controllers\Data.php(111): App\Models\AuditKeuanganEksModel->simpan([...])
 7 SYSTEMPATH\CodeIgniter.php(941): App\Controllers\Data->auditkeuanganeks()
 8 SYSTEMPATH\CodeIgniter.php(502): CodeIgniter\CodeIgniter->runController(Object(App\Controllers\Data))
 9 SYSTEMPATH\CodeIgniter.php(361): CodeIgniter\CodeIgniter->handleRequest(null, Object(Config\Cache), false)
10 FCPATH\index.php(79): CodeIgniter\CodeIgniter->run()
11 SYSTEMPATH\Commands\Server\rewrite.php(47): require_once('E:\\xampp\\htdocs\\sistem-aps-uho\\public\\index.php')
CRITICAL - 2024-03-14 05:56:25 --> [Caused by] CodeIgniter\Database\Exceptions\DatabaseException: Column 'lembaga_audit' cannot be null
in SYSTEMPATH\Database\MySQLi\Connection.php on line 311.
 1 SYSTEMPATH\Database\BaseConnection.php(693): CodeIgniter\Database\MySQLi\Connection->execute('INSERT INTO `audit_keuangan_eks` (`lembaga_audit`, `tahun`, `opini`, `keterangan`) VALUES (NULL, NULL, NULL, NULL)')
 2 SYSTEMPATH\Database\BaseConnection.php(607): CodeIgniter\Database\BaseConnection->simpleQuery('INSERT INTO `audit_keuangan_eks` (`lembaga_audit`, `tahun`, `opini`, `keterangan`) VALUES (NULL, NULL, NULL, NULL)')
 3 SYSTEMPATH\Database\BaseBuilder.php(2307): CodeIgniter\Database\BaseConnection->query('INSERT INTO `audit_keuangan_eks` (`lembaga_audit`, `tahun`, `opini`, `keterangan`) VALUES (:lembaga_audit:, :tahun:, :opini:, :keterangan:)', [...], false)
 4 SYSTEMPATH\Model.php(326): CodeIgniter\Database\BaseBuilder->insert()
 5 SYSTEMPATH\BaseModel.php(802): CodeIgniter\Model->doInsert([...])
 6 SYSTEMPATH\Model.php(744): CodeIgniter\BaseModel->insert([...], true)
 7 APPPATH\Models\AuditKeuanganEksModel.php(22): CodeIgniter\Model->insert([...])
 8 APPPATH\Controllers\Data.php(111): App\Models\AuditKeuanganEksModel->simpan([...])
 9 SYSTEMPATH\CodeIgniter.php(941): App\Controllers\Data->auditkeuanganeks()
10 SYSTEMPATH\CodeIgniter.php(502): CodeIgniter\CodeIgniter->runController(Object(App\Controllers\Data))
11 SYSTEMPATH\CodeIgniter.php(361): CodeIgniter\CodeIgniter->handleRequest(null, Object(Config\Cache), false)
12 FCPATH\index.php(79): CodeIgniter\CodeIgniter->run()
13 SYSTEMPATH\Commands\Server\rewrite.php(47): require_once('E:\\xampp\\htdocs\\sistem-aps-uho\\public\\index.php')
CRITICAL - 2024-03-14 05:56:25 --> [Caused by] mysqli_sql_exception: Column 'lembaga_audit' cannot be null
in SYSTEMPATH\Database\MySQLi\Connection.php on line 306.
 1 SYSTEMPATH\Database\MySQLi\Connection.php(306): mysqli->query('INSERT INTO `audit_keuangan_eks` (`lembaga_audit`, `tahun`, `opini`, `keterangan`) VALUES (NULL, NULL, NULL, NULL)', 0)
 2 SYSTEMPATH\Database\BaseConnection.php(693): CodeIgniter\Database\MySQLi\Connection->execute('INSERT INTO `audit_keuangan_eks` (`lembaga_audit`, `tahun`, `opini`, `keterangan`) VALUES (NULL, NULL, NULL, NULL)')
 3 SYSTEMPATH\Database\BaseConnection.php(607): CodeIgniter\Database\BaseConnection->simpleQuery('INSERT INTO `audit_keuangan_eks` (`lembaga_audit`, `tahun`, `opini`, `keterangan`) VALUES (NULL, NULL, NULL, NULL)')
 4 SYSTEMPATH\Database\BaseBuilder.php(2307): CodeIgniter\Database\BaseConnection->query('INSERT INTO `audit_keuangan_eks` (`lembaga_audit`, `tahun`, `opini`, `keterangan`) VALUES (:lembaga_audit:, :tahun:, :opini:, :keterangan:)', [...], false)
 5 SYSTEMPATH\Model.php(326): CodeIgniter\Database\BaseBuilder->insert()
 6 SYSTEMPATH\BaseModel.php(802): CodeIgniter\Model->doInsert([...])
 7 SYSTEMPATH\Model.php(744): CodeIgniter\BaseModel->insert([...], true)
 8 APPPATH\Models\AuditKeuanganEksModel.php(22): CodeIgniter\Model->insert([...])
 9 APPPATH\Controllers\Data.php(111): App\Models\AuditKeuanganEksModel->simpan([...])
10 SYSTEMPATH\CodeIgniter.php(941): App\Controllers\Data->auditkeuanganeks()
11 SYSTEMPATH\CodeIgniter.php(502): CodeIgniter\CodeIgniter->runController(Object(App\Controllers\Data))
12 SYSTEMPATH\CodeIgniter.php(361): CodeIgniter\CodeIgniter->handleRequest(null, Object(Config\Cache), false)
13 FCPATH\index.php(79): CodeIgniter\CodeIgniter->run()
14 SYSTEMPATH\Commands\Server\rewrite.php(47): require_once('E:\\xampp\\htdocs\\sistem-aps-uho\\public\\index.php')
ERROR - 2024-03-14 06:01:21 --> mysqli_sql_exception: Column 'internasional' cannot be null in E:\xampp\htdocs\sistem-aps-uho\vendor\codeigniter4\framework\system\Database\MySQLi\Connection.php:306
Stack trace:
#0 E:\xampp\htdocs\sistem-aps-uho\vendor\codeigniter4\framework\system\Database\MySQLi\Connection.php(306): mysqli->query('INSERT INTO `ke...', 0)
#1 E:\xampp\htdocs\sistem-aps-uho\vendor\codeigniter4\framework\system\Database\BaseConnection.php(693): CodeIgniter\Database\MySQLi\Connection->execute('INSERT INTO `ke...')
#2 E:\xampp\htdocs\sistem-aps-uho\vendor\codeigniter4\framework\system\Database\BaseConnection.php(607): CodeIgniter\Database\BaseConnection->simpleQuery('INSERT INTO `ke...')
#3 E:\xampp\htdocs\sistem-aps-uho\vendor\codeigniter4\framework\system\Database\BaseBuilder.php(2307): CodeIgniter\Database\BaseConnection->query('INSERT INTO `ke...', Array, false)
#4 E:\xampp\htdocs\sistem-aps-uho\vendor\codeigniter4\framework\system\Model.php(326): CodeIgniter\Database\BaseBuilder->insert()
#5 E:\xampp\htdocs\sistem-aps-uho\vendor\codeigniter4\framework\system\BaseModel.php(802): CodeIgniter\Model->doInsert(Array)
#6 E:\xampp\htdocs\sistem-aps-uho\vendor\codeigniter4\framework\system\Model.php(744): CodeIgniter\BaseModel->insert(Array, true)
#7 E:\xampp\htdocs\sistem-aps-uho\app\Models\KerjasamaPerguruanTinggiModel.php(20): CodeIgniter\Model->insert(Array)
#8 E:\xampp\htdocs\sistem-aps-uho\app\Controllers\Data.php(386): App\Models\KerjasamaPerguruanTinggiModel->simpan(Array)
#9 E:\xampp\htdocs\sistem-aps-uho\vendor\codeigniter4\framework\system\CodeIgniter.php(941): App\Controllers\Data->kerjasamaperguruantinggi()
#10 E:\xampp\htdocs\sistem-aps-uho\vendor\codeigniter4\framework\system\CodeIgniter.php(502): CodeIgniter\CodeIgniter->runController(Object(App\Controllers\Data))
#11 E:\xampp\htdocs\sistem-aps-uho\vendor\codeigniter4\framework\system\CodeIgniter.php(361): CodeIgniter\CodeIgniter->handleRequest(NULL, Object(Config\Cache), false)
#12 E:\xampp\htdocs\sistem-aps-uho\public\index.php(79): CodeIgniter\CodeIgniter->run()
#13 E:\xampp\htdocs\sistem-aps-uho\vendor\codeigniter4\framework\system\Commands\Server\rewrite.php(47): require_once('E:\\xampp\\htdocs...')
#14 {main}
CRITICAL - 2024-03-14 06:01:21 --> CodeIgniter\Database\Exceptions\DatabaseException: Column 'internasional' cannot be null
in SYSTEMPATH\Database\BaseConnection.php on line 647.
 1 SYSTEMPATH\Database\BaseBuilder.php(2307): CodeIgniter\Database\BaseConnection->query('INSERT INTO `kerjasama_pt` (`lembaga_mitra`, `internasional`, `nasional`, `lokal`, `bentuk_kegiatan`, `bukti_kerjasama`) VALUES (:lembaga_mitra:, :internasional:, :nasional:, :lokal:, :bentuk_kegiatan:, :bukti_kerjasama:)', [...], false)
 2 SYSTEMPATH\Model.php(326): CodeIgniter\Database\BaseBuilder->insert()
 3 SYSTEMPATH\BaseModel.php(802): CodeIgniter\Model->doInsert([...])
 4 SYSTEMPATH\Model.php(744): CodeIgniter\BaseModel->insert([...], true)
 5 APPPATH\Models\KerjasamaPerguruanTinggiModel.php(20): CodeIgniter\Model->insert([...])
 6 APPPATH\Controllers\Data.php(386): App\Models\KerjasamaPerguruanTinggiModel->simpan([...])
 7 SYSTEMPATH\CodeIgniter.php(941): App\Controllers\Data->kerjasamaperguruantinggi()
 8 SYSTEMPATH\CodeIgniter.php(502): CodeIgniter\CodeIgniter->runController(Object(App\Controllers\Data))
 9 SYSTEMPATH\CodeIgniter.php(361): CodeIgniter\CodeIgniter->handleRequest(null, Object(Config\Cache), false)
10 FCPATH\index.php(79): CodeIgniter\CodeIgniter->run()
11 SYSTEMPATH\Commands\Server\rewrite.php(47): require_once('E:\\xampp\\htdocs\\sistem-aps-uho\\public\\index.php')
CRITICAL - 2024-03-14 06:01:21 --> [Caused by] CodeIgniter\Database\Exceptions\DatabaseException: Column 'internasional' cannot be null
in SYSTEMPATH\Database\MySQLi\Connection.php on line 311.
 1 SYSTEMPATH\Database\BaseConnection.php(693): CodeIgniter\Database\MySQLi\Connection->execute('INSERT INTO `kerjasama_pt` (`lembaga_mitra`, `internasional`, `nasional`, `lokal`, `bentuk_kegiatan`, `bukti_kerjasama`) VALUES (\'UHO\', NULL, \'nasional\', NULL, \'dwd\', \'3.jpg\')')
 2 SYSTEMPATH\Database\BaseConnection.php(607): CodeIgniter\Database\BaseConnection->simpleQuery('INSERT INTO `kerjasama_pt` (`lembaga_mitra`, `internasional`, `nasional`, `lokal`, `bentuk_kegiatan`, `bukti_kerjasama`) VALUES (\'UHO\', NULL, \'nasional\', NULL, \'dwd\', \'3.jpg\')')
 3 SYSTEMPATH\Database\BaseBuilder.php(2307): CodeIgniter\Database\BaseConnection->query('INSERT INTO `kerjasama_pt` (`lembaga_mitra`, `internasional`, `nasional`, `lokal`, `bentuk_kegiatan`, `bukti_kerjasama`) VALUES (:lembaga_mitra:, :internasional:, :nasional:, :lokal:, :bentuk_kegiatan:, :bukti_kerjasama:)', [...], false)
 4 SYSTEMPATH\Model.php(326): CodeIgniter\Database\BaseBuilder->insert()
 5 SYSTEMPATH\BaseModel.php(802): CodeIgniter\Model->doInsert([...])
 6 SYSTEMPATH\Model.php(744): CodeIgniter\BaseModel->insert([...], true)
 7 APPPATH\Models\KerjasamaPerguruanTinggiModel.php(20): CodeIgniter\Model->insert([...])
 8 APPPATH\Controllers\Data.php(386): App\Models\KerjasamaPerguruanTinggiModel->simpan([...])
 9 SYSTEMPATH\CodeIgniter.php(941): App\Controllers\Data->kerjasamaperguruantinggi()
10 SYSTEMPATH\CodeIgniter.php(502): CodeIgniter\CodeIgniter->runController(Object(App\Controllers\Data))
11 SYSTEMPATH\CodeIgniter.php(361): CodeIgniter\CodeIgniter->handleRequest(null, Object(Config\Cache), false)
12 FCPATH\index.php(79): CodeIgniter\CodeIgniter->run()
13 SYSTEMPATH\Commands\Server\rewrite.php(47): require_once('E:\\xampp\\htdocs\\sistem-aps-uho\\public\\index.php')
CRITICAL - 2024-03-14 06:01:21 --> [Caused by] mysqli_sql_exception: Column 'internasional' cannot be null
in SYSTEMPATH\Database\MySQLi\Connection.php on line 306.
 1 SYSTEMPATH\Database\MySQLi\Connection.php(306): mysqli->query('INSERT INTO `kerjasama_pt` (`lembaga_mitra`, `internasional`, `nasional`, `lokal`, `bentuk_kegiatan`, `bukti_kerjasama`) VALUES (\'UHO\', NULL, \'nasional\', NULL, \'dwd\', \'3.jpg\')', 0)
 2 SYSTEMPATH\Database\BaseConnection.php(693): CodeIgniter\Database\MySQLi\Connection->execute('INSERT INTO `kerjasama_pt` (`lembaga_mitra`, `internasional`, `nasional`, `lokal`, `bentuk_kegiatan`, `bukti_kerjasama`) VALUES (\'UHO\', NULL, \'nasional\', NULL, \'dwd\', \'3.jpg\')')
 3 SYSTEMPATH\Database\BaseConnection.php(607): CodeIgniter\Database\BaseConnection->simpleQuery('INSERT INTO `kerjasama_pt` (`lembaga_mitra`, `internasional`, `nasional`, `lokal`, `bentuk_kegiatan`, `bukti_kerjasama`) VALUES (\'UHO\', NULL, \'nasional\', NULL, \'dwd\', \'3.jpg\')')
 4 SYSTEMPATH\Database\BaseBuilder.php(2307): CodeIgniter\Database\BaseConnection->query('INSERT INTO `kerjasama_pt` (`lembaga_mitra`, `internasional`, `nasional`, `lokal`, `bentuk_kegiatan`, `bukti_kerjasama`) VALUES (:lembaga_mitra:, :internasional:, :nasional:, :lokal:, :bentuk_kegiatan:, :bukti_kerjasama:)', [...], false)
 5 SYSTEMPATH\Model.php(326): CodeIgniter\Database\BaseBuilder->insert()
 6 SYSTEMPATH\BaseModel.php(802): CodeIgniter\Model->doInsert([...])
 7 SYSTEMPATH\Model.php(744): CodeIgniter\BaseModel->insert([...], true)
 8 APPPATH\Models\KerjasamaPerguruanTinggiModel.php(20): CodeIgniter\Model->insert([...])
 9 APPPATH\Controllers\Data.php(386): App\Models\KerjasamaPerguruanTinggiModel->simpan([...])
10 SYSTEMPATH\CodeIgniter.php(941): App\Controllers\Data->kerjasamaperguruantinggi()
11 SYSTEMPATH\CodeIgniter.php(502): CodeIgniter\CodeIgniter->runController(Object(App\Controllers\Data))
12 SYSTEMPATH\CodeIgniter.php(361): CodeIgniter\CodeIgniter->handleRequest(null, Object(Config\Cache), false)
13 FCPATH\index.php(79): CodeIgniter\CodeIgniter->run()
14 SYSTEMPATH\Commands\Server\rewrite.php(47): require_once('E:\\xampp\\htdocs\\sistem-aps-uho\\public\\index.php')
ERROR - 2024-03-14 06:02:15 --> mysqli_sql_exception: Column 'internasional' cannot be null in E:\xampp\htdocs\sistem-aps-uho\vendor\codeigniter4\framework\system\Database\MySQLi\Connection.php:306
Stack trace:
#0 E:\xampp\htdocs\sistem-aps-uho\vendor\codeigniter4\framework\system\Database\MySQLi\Connection.php(306): mysqli->query('INSERT INTO `ke...', 0)
#1 E:\xampp\htdocs\sistem-aps-uho\vendor\codeigniter4\framework\system\Database\BaseConnection.php(693): CodeIgniter\Database\MySQLi\Connection->execute('INSERT INTO `ke...')
#2 E:\xampp\htdocs\sistem-aps-uho\vendor\codeigniter4\framework\system\Database\BaseConnection.php(607): CodeIgniter\Database\BaseConnection->simpleQuery('INSERT INTO `ke...')
#3 E:\xampp\htdocs\sistem-aps-uho\vendor\codeigniter4\framework\system\Database\BaseBuilder.php(2307): CodeIgniter\Database\BaseConnection->query('INSERT INTO `ke...', Array, false)
#4 E:\xampp\htdocs\sistem-aps-uho\vendor\codeigniter4\framework\system\Model.php(326): CodeIgniter\Database\BaseBuilder->insert()
#5 E:\xampp\htdocs\sistem-aps-uho\vendor\codeigniter4\framework\system\BaseModel.php(802): CodeIgniter\Model->doInsert(Array)
#6 E:\xampp\htdocs\sistem-aps-uho\vendor\codeigniter4\framework\system\Model.php(744): CodeIgniter\BaseModel->insert(Array, true)
#7 E:\xampp\htdocs\sistem-aps-uho\app\Models\KerjasamaPerguruanTinggiModel.php(20): CodeIgniter\Model->insert(Array)
#8 E:\xampp\htdocs\sistem-aps-uho\app\Controllers\Data.php(386): App\Models\KerjasamaPerguruanTinggiModel->simpan(Array)
#9 E:\xampp\htdocs\sistem-aps-uho\vendor\codeigniter4\framework\system\CodeIgniter.php(941): App\Controllers\Data->kerjasamaperguruantinggi()
#10 E:\xampp\htdocs\sistem-aps-uho\vendor\codeigniter4\framework\system\CodeIgniter.php(502): CodeIgniter\CodeIgniter->runController(Object(App\Controllers\Data))
#11 E:\xampp\htdocs\sistem-aps-uho\vendor\codeigniter4\framework\system\CodeIgniter.php(361): CodeIgniter\CodeIgniter->handleRequest(NULL, Object(Config\Cache), false)
#12 E:\xampp\htdocs\sistem-aps-uho\public\index.php(79): CodeIgniter\CodeIgniter->run()
#13 E:\xampp\htdocs\sistem-aps-uho\vendor\codeigniter4\framework\system\Commands\Server\rewrite.php(47): require_once('E:\\xampp\\htdocs...')
#14 {main}
CRITICAL - 2024-03-14 06:02:15 --> CodeIgniter\Database\Exceptions\DatabaseException: Column 'internasional' cannot be null
in SYSTEMPATH\Database\BaseConnection.php on line 647.
 1 SYSTEMPATH\Database\BaseBuilder.php(2307): CodeIgniter\Database\BaseConnection->query('INSERT INTO `kerjasama_pt` (`lembaga_mitra`, `internasional`, `nasional`, `lokal`, `bentuk_kegiatan`, `bukti_kerjasama`) VALUES (:lembaga_mitra:, :internasional:, :nasional:, :lokal:, :bentuk_kegiatan:, :bukti_kerjasama:)', [...], false)
 2 SYSTEMPATH\Model.php(326): CodeIgniter\Database\BaseBuilder->insert()
 3 SYSTEMPATH\BaseModel.php(802): CodeIgniter\Model->doInsert([...])
 4 SYSTEMPATH\Model.php(744): CodeIgniter\BaseModel->insert([...], true)
 5 APPPATH\Models\KerjasamaPerguruanTinggiModel.php(20): CodeIgniter\Model->insert([...])
 6 APPPATH\Controllers\Data.php(386): App\Models\KerjasamaPerguruanTinggiModel->simpan([...])
 7 SYSTEMPATH\CodeIgniter.php(941): App\Controllers\Data->kerjasamaperguruantinggi()
 8 SYSTEMPATH\CodeIgniter.php(502): CodeIgniter\CodeIgniter->runController(Object(App\Controllers\Data))
 9 SYSTEMPATH\CodeIgniter.php(361): CodeIgniter\CodeIgniter->handleRequest(null, Object(Config\Cache), false)
10 FCPATH\index.php(79): CodeIgniter\CodeIgniter->run()
11 SYSTEMPATH\Commands\Server\rewrite.php(47): require_once('E:\\xampp\\htdocs\\sistem-aps-uho\\public\\index.php')
CRITICAL - 2024-03-14 06:02:15 --> [Caused by] CodeIgniter\Database\Exceptions\DatabaseException: Column 'internasional' cannot be null
in SYSTEMPATH\Database\MySQLi\Connection.php on line 311.
 1 SYSTEMPATH\Database\BaseConnection.php(693): CodeIgniter\Database\MySQLi\Connection->execute('INSERT INTO `kerjasama_pt` (`lembaga_mitra`, `internasional`, `nasional`, `lokal`, `bentuk_kegiatan`, `bukti_kerjasama`) VALUES (\'UHO\', NULL, \'nasional\', NULL, \'dwd\', \'3.jpg\')')
 2 SYSTEMPATH\Database\BaseConnection.php(607): CodeIgniter\Database\BaseConnection->simpleQuery('INSERT INTO `kerjasama_pt` (`lembaga_mitra`, `internasional`, `nasional`, `lokal`, `bentuk_kegiatan`, `bukti_kerjasama`) VALUES (\'UHO\', NULL, \'nasional\', NULL, \'dwd\', \'3.jpg\')')
 3 SYSTEMPATH\Database\BaseBuilder.php(2307): CodeIgniter\Database\BaseConnection->query('INSERT INTO `kerjasama_pt` (`lembaga_mitra`, `internasional`, `nasional`, `lokal`, `bentuk_kegiatan`, `bukti_kerjasama`) VALUES (:lembaga_mitra:, :internasional:, :nasional:, :lokal:, :bentuk_kegiatan:, :bukti_kerjasama:)', [...], false)
 4 SYSTEMPATH\Model.php(326): CodeIgniter\Database\BaseBuilder->insert()
 5 SYSTEMPATH\BaseModel.php(802): CodeIgniter\Model->doInsert([...])
 6 SYSTEMPATH\Model.php(744): CodeIgniter\BaseModel->insert([...], true)
 7 APPPATH\Models\KerjasamaPerguruanTinggiModel.php(20): CodeIgniter\Model->insert([...])
 8 APPPATH\Controllers\Data.php(386): App\Models\KerjasamaPerguruanTinggiModel->simpan([...])
 9 SYSTEMPATH\CodeIgniter.php(941): App\Controllers\Data->kerjasamaperguruantinggi()
10 SYSTEMPATH\CodeIgniter.php(502): CodeIgniter\CodeIgniter->runController(Object(App\Controllers\Data))
11 SYSTEMPATH\CodeIgniter.php(361): CodeIgniter\CodeIgniter->handleRequest(null, Object(Config\Cache), false)
12 FCPATH\index.php(79): CodeIgniter\CodeIgniter->run()
13 SYSTEMPATH\Commands\Server\rewrite.php(47): require_once('E:\\xampp\\htdocs\\sistem-aps-uho\\public\\index.php')
CRITICAL - 2024-03-14 06:02:15 --> [Caused by] mysqli_sql_exception: Column 'internasional' cannot be null
in SYSTEMPATH\Database\MySQLi\Connection.php on line 306.
 1 SYSTEMPATH\Database\MySQLi\Connection.php(306): mysqli->query('INSERT INTO `kerjasama_pt` (`lembaga_mitra`, `internasional`, `nasional`, `lokal`, `bentuk_kegiatan`, `bukti_kerjasama`) VALUES (\'UHO\', NULL, \'nasional\', NULL, \'dwd\', \'3.jpg\')', 0)
 2 SYSTEMPATH\Database\BaseConnection.php(693): CodeIgniter\Database\MySQLi\Connection->execute('INSERT INTO `kerjasama_pt` (`lembaga_mitra`, `internasional`, `nasional`, `lokal`, `bentuk_kegiatan`, `bukti_kerjasama`) VALUES (\'UHO\', NULL, \'nasional\', NULL, \'dwd\', \'3.jpg\')')
 3 SYSTEMPATH\Database\BaseConnection.php(607): CodeIgniter\Database\BaseConnection->simpleQuery('INSERT INTO `kerjasama_pt` (`lembaga_mitra`, `internasional`, `nasional`, `lokal`, `bentuk_kegiatan`, `bukti_kerjasama`) VALUES (\'UHO\', NULL, \'nasional\', NULL, \'dwd\', \'3.jpg\')')
 4 SYSTEMPATH\Database\BaseBuilder.php(2307): CodeIgniter\Database\BaseConnection->query('INSERT INTO `kerjasama_pt` (`lembaga_mitra`, `internasional`, `nasional`, `lokal`, `bentuk_kegiatan`, `bukti_kerjasama`) VALUES (:lembaga_mitra:, :internasional:, :nasional:, :lokal:, :bentuk_kegiatan:, :bukti_kerjasama:)', [...], false)
 5 SYSTEMPATH\Model.php(326): CodeIgniter\Database\BaseBuilder->insert()
 6 SYSTEMPATH\BaseModel.php(802): CodeIgniter\Model->doInsert([...])
 7 SYSTEMPATH\Model.php(744): CodeIgniter\BaseModel->insert([...], true)
 8 APPPATH\Models\KerjasamaPerguruanTinggiModel.php(20): CodeIgniter\Model->insert([...])
 9 APPPATH\Controllers\Data.php(386): App\Models\KerjasamaPerguruanTinggiModel->simpan([...])
10 SYSTEMPATH\CodeIgniter.php(941): App\Controllers\Data->kerjasamaperguruantinggi()
11 SYSTEMPATH\CodeIgniter.php(502): CodeIgniter\CodeIgniter->runController(Object(App\Controllers\Data))
12 SYSTEMPATH\CodeIgniter.php(361): CodeIgniter\CodeIgniter->handleRequest(null, Object(Config\Cache), false)
13 FCPATH\index.php(79): CodeIgniter\CodeIgniter->run()
14 SYSTEMPATH\Commands\Server\rewrite.php(47): require_once('E:\\xampp\\htdocs\\sistem-aps-uho\\public\\index.php')
CRITICAL - 2024-03-14 06:06:31 --> ErrorException: Undefined array key "internasional"
in APPPATH\Views\data\kerjasamaperguruantinggi.php on line 157.
 1 APPPATH\Views\data\kerjasamaperguruantinggi.php(157): CodeIgniter\Debug\Exceptions->errorHandler(2, 'Undefined array key "internasional"', 'E:\\xampp\\htdocs\\sistem-aps-uho\\app\\Views\\data\\kerjasamaperguruantinggi.php', 157)
 2 SYSTEMPATH\View\View.php(228): include('E:\\xampp\\htdocs\\sistem-aps-uho\\app\\Views\\data\\kerjasamaperguruantinggi.php')
 3 SYSTEMPATH\View\View.php(231): CodeIgniter\View\View->CodeIgniter\View\{closure}()
 4 SYSTEMPATH\Common.php(1178): CodeIgniter\View\View->render('data/kerjasamaperguruantinggi', [], true)
 5 APPPATH\Controllers\Data.php(405): view('data/kerjasamaperguruantinggi', [...])
 6 SYSTEMPATH\CodeIgniter.php(941): App\Controllers\Data->kerjasamaperguruantinggi()
 7 SYSTEMPATH\CodeIgniter.php(502): CodeIgniter\CodeIgniter->runController(Object(App\Controllers\Data))
 8 SYSTEMPATH\CodeIgniter.php(361): CodeIgniter\CodeIgniter->handleRequest(null, Object(Config\Cache), false)
 9 FCPATH\index.php(79): CodeIgniter\CodeIgniter->run()
10 SYSTEMPATH\Commands\Server\rewrite.php(47): require_once('E:\\xampp\\htdocs\\sistem-aps-uho\\public\\index.php')
CRITICAL - 2024-03-14 06:06:34 --> ErrorException: Undefined array key "internasional"
in APPPATH\Views\data\kerjasamaperguruantinggi.php on line 157.
 1 APPPATH\Views\data\kerjasamaperguruantinggi.php(157): CodeIgniter\Debug\Exceptions->errorHandler(2, 'Undefined array key "internasional"', 'E:\\xampp\\htdocs\\sistem-aps-uho\\app\\Views\\data\\kerjasamaperguruantinggi.php', 157)
 2 SYSTEMPATH\View\View.php(228): include('E:\\xampp\\htdocs\\sistem-aps-uho\\app\\Views\\data\\kerjasamaperguruantinggi.php')
 3 SYSTEMPATH\View\View.php(231): CodeIgniter\View\View->CodeIgniter\View\{closure}()
 4 SYSTEMPATH\Common.php(1178): CodeIgniter\View\View->render('data/kerjasamaperguruantinggi', [], true)
 5 APPPATH\Controllers\Data.php(405): view('data/kerjasamaperguruantinggi', [...])
 6 SYSTEMPATH\CodeIgniter.php(941): App\Controllers\Data->kerjasamaperguruantinggi()
 7 SYSTEMPATH\CodeIgniter.php(502): CodeIgniter\CodeIgniter->runController(Object(App\Controllers\Data))
 8 SYSTEMPATH\CodeIgniter.php(361): CodeIgniter\CodeIgniter->handleRequest(null, Object(Config\Cache), false)
 9 FCPATH\index.php(79): CodeIgniter\CodeIgniter->run()
10 SYSTEMPATH\Commands\Server\rewrite.php(47): require_once('E:\\xampp\\htdocs\\sistem-aps-uho\\public\\index.php')
CRITICAL - 2024-03-14 06:06:35 --> ErrorException: Undefined array key "internasional"
in APPPATH\Views\data\kerjasamaperguruantinggi.php on line 157.
 1 APPPATH\Views\data\kerjasamaperguruantinggi.php(157): CodeIgniter\Debug\Exceptions->errorHandler(2, 'Undefined array key "internasional"', 'E:\\xampp\\htdocs\\sistem-aps-uho\\app\\Views\\data\\kerjasamaperguruantinggi.php', 157)
 2 SYSTEMPATH\View\View.php(228): include('E:\\xampp\\htdocs\\sistem-aps-uho\\app\\Views\\data\\kerjasamaperguruantinggi.php')
 3 SYSTEMPATH\View\View.php(231): CodeIgniter\View\View->CodeIgniter\View\{closure}()
 4 SYSTEMPATH\Common.php(1178): CodeIgniter\View\View->render('data/kerjasamaperguruantinggi', [], true)
 5 APPPATH\Controllers\Data.php(405): view('data/kerjasamaperguruantinggi', [...])
 6 SYSTEMPATH\CodeIgniter.php(941): App\Controllers\Data->kerjasamaperguruantinggi()
 7 SYSTEMPATH\CodeIgniter.php(502): CodeIgniter\CodeIgniter->runController(Object(App\Controllers\Data))
 8 SYSTEMPATH\CodeIgniter.php(361): CodeIgniter\CodeIgniter->handleRequest(null, Object(Config\Cache), false)
 9 FCPATH\index.php(79): CodeIgniter\CodeIgniter->run()
10 SYSTEMPATH\Commands\Server\rewrite.php(47): require_once('E:\\xampp\\htdocs\\sistem-aps-uho\\public\\index.php')
CRITICAL - 2024-03-14 06:06:37 --> ErrorException: Undefined array key "internasional"
in APPPATH\Views\data\kerjasamaperguruantinggi.php on line 157.
 1 APPPATH\Views\data\kerjasamaperguruantinggi.php(157): CodeIgniter\Debug\Exceptions->errorHandler(2, 'Undefined array key "internasional"', 'E:\\xampp\\htdocs\\sistem-aps-uho\\app\\Views\\data\\kerjasamaperguruantinggi.php', 157)
 2 SYSTEMPATH\View\View.php(228): include('E:\\xampp\\htdocs\\sistem-aps-uho\\app\\Views\\data\\kerjasamaperguruantinggi.php')
 3 SYSTEMPATH\View\View.php(231): CodeIgniter\View\View->CodeIgniter\View\{closure}()
 4 SYSTEMPATH\Common.php(1178): CodeIgniter\View\View->render('data/kerjasamaperguruantinggi', [], true)
 5 APPPATH\Controllers\Data.php(405): view('data/kerjasamaperguruantinggi', [...])
 6 SYSTEMPATH\CodeIgniter.php(941): App\Controllers\Data->kerjasamaperguruantinggi()
 7 SYSTEMPATH\CodeIgniter.php(502): CodeIgniter\CodeIgniter->runController(Object(App\Controllers\Data))
 8 SYSTEMPATH\CodeIgniter.php(361): CodeIgniter\CodeIgniter->handleRequest(null, Object(Config\Cache), false)
 9 FCPATH\index.php(79): CodeIgniter\CodeIgniter->run()
10 SYSTEMPATH\Commands\Server\rewrite.php(47): require_once('E:\\xampp\\htdocs\\sistem-aps-uho\\public\\index.php')
CRITICAL - 2024-03-14 06:06:37 --> ErrorException: Undefined array key "internasional"
in APPPATH\Views\data\kerjasamaperguruantinggi.php on line 157.
 1 APPPATH\Views\data\kerjasamaperguruantinggi.php(157): CodeIgniter\Debug\Exceptions->errorHandler(2, 'Undefined array key "internasional"', 'E:\\xampp\\htdocs\\sistem-aps-uho\\app\\Views\\data\\kerjasamaperguruantinggi.php', 157)
 2 SYSTEMPATH\View\View.php(228): include('E:\\xampp\\htdocs\\sistem-aps-uho\\app\\Views\\data\\kerjasamaperguruantinggi.php')
 3 SYSTEMPATH\View\View.php(231): CodeIgniter\View\View->CodeIgniter\View\{closure}()
 4 SYSTEMPATH\Common.php(1178): CodeIgniter\View\View->render('data/kerjasamaperguruantinggi', [], true)
 5 APPPATH\Controllers\Data.php(405): view('data/kerjasamaperguruantinggi', [...])
 6 SYSTEMPATH\CodeIgniter.php(941): App\Controllers\Data->kerjasamaperguruantinggi()
 7 SYSTEMPATH\CodeIgniter.php(502): CodeIgniter\CodeIgniter->runController(Object(App\Controllers\Data))
 8 SYSTEMPATH\CodeIgniter.php(361): CodeIgniter\CodeIgniter->handleRequest(null, Object(Config\Cache), false)
 9 FCPATH\index.php(79): CodeIgniter\CodeIgniter->run()
10 SYSTEMPATH\Commands\Server\rewrite.php(47): require_once('E:\\xampp\\htdocs\\sistem-aps-uho\\public\\index.php')
CRITICAL - 2024-03-14 06:06:38 --> ErrorException: Undefined array key "internasional"
in APPPATH\Views\data\kerjasamaperguruantinggi.php on line 157.
 1 APPPATH\Views\data\kerjasamaperguruantinggi.php(157): CodeIgniter\Debug\Exceptions->errorHandler(2, 'Undefined array key "internasional"', 'E:\\xampp\\htdocs\\sistem-aps-uho\\app\\Views\\data\\kerjasamaperguruantinggi.php', 157)
 2 SYSTEMPATH\View\View.php(228): include('E:\\xampp\\htdocs\\sistem-aps-uho\\app\\Views\\data\\kerjasamaperguruantinggi.php')
 3 SYSTEMPATH\View\View.php(231): CodeIgniter\View\View->CodeIgniter\View\{closure}()
 4 SYSTEMPATH\Common.php(1178): CodeIgniter\View\View->render('data/kerjasamaperguruantinggi', [], true)
 5 APPPATH\Controllers\Data.php(405): view('data/kerjasamaperguruantinggi', [...])
 6 SYSTEMPATH\CodeIgniter.php(941): App\Controllers\Data->kerjasamaperguruantinggi()
 7 SYSTEMPATH\CodeIgniter.php(502): CodeIgniter\CodeIgniter->runController(Object(App\Controllers\Data))
 8 SYSTEMPATH\CodeIgniter.php(361): CodeIgniter\CodeIgniter->handleRequest(null, Object(Config\Cache), false)
 9 FCPATH\index.php(79): CodeIgniter\CodeIgniter->run()
10 SYSTEMPATH\Commands\Server\rewrite.php(47): require_once('E:\\xampp\\htdocs\\sistem-aps-uho\\public\\index.php')
CRITICAL - 2024-03-14 06:06:38 --> ErrorException: Undefined array key "internasional"
in APPPATH\Views\data\kerjasamaperguruantinggi.php on line 157.
 1 APPPATH\Views\data\kerjasamaperguruantinggi.php(157): CodeIgniter\Debug\Exceptions->errorHandler(2, 'Undefined array key "internasional"', 'E:\\xampp\\htdocs\\sistem-aps-uho\\app\\Views\\data\\kerjasamaperguruantinggi.php', 157)
 2 SYSTEMPATH\View\View.php(228): include('E:\\xampp\\htdocs\\sistem-aps-uho\\app\\Views\\data\\kerjasamaperguruantinggi.php')
 3 SYSTEMPATH\View\View.php(231): CodeIgniter\View\View->CodeIgniter\View\{closure}()
 4 SYSTEMPATH\Common.php(1178): CodeIgniter\View\View->render('data/kerjasamaperguruantinggi', [], true)
 5 APPPATH\Controllers\Data.php(405): view('data/kerjasamaperguruantinggi', [...])
 6 SYSTEMPATH\CodeIgniter.php(941): App\Controllers\Data->kerjasamaperguruantinggi()
 7 SYSTEMPATH\CodeIgniter.php(502): CodeIgniter\CodeIgniter->runController(Object(App\Controllers\Data))
 8 SYSTEMPATH\CodeIgniter.php(361): CodeIgniter\CodeIgniter->handleRequest(null, Object(Config\Cache), false)
 9 FCPATH\index.php(79): CodeIgniter\CodeIgniter->run()
10 SYSTEMPATH\Commands\Server\rewrite.php(47): require_once('E:\\xampp\\htdocs\\sistem-aps-uho\\public\\index.php')
CRITICAL - 2024-03-14 06:43:58 --> ErrorException: Undefined array key "internasional"
in APPPATH\Views\data\kerjasamaperguruantinggi.php on line 157.
 1 APPPATH\Views\data\kerjasamaperguruantinggi.php(157): CodeIgniter\Debug\Exceptions->errorHandler(2, 'Undefined array key "internasional"', 'E:\\xampp\\htdocs\\sistem-aps-uho\\app\\Views\\data\\kerjasamaperguruantinggi.php', 157)
 2 SYSTEMPATH\View\View.php(228): include('E:\\xampp\\htdocs\\sistem-aps-uho\\app\\Views\\data\\kerjasamaperguruantinggi.php')
 3 SYSTEMPATH\View\View.php(231): CodeIgniter\View\View->CodeIgniter\View\{closure}()
 4 SYSTEMPATH\Common.php(1178): CodeIgniter\View\View->render('data/kerjasamaperguruantinggi', [], true)
 5 APPPATH\Controllers\Data.php(405): view('data/kerjasamaperguruantinggi', [...])
 6 SYSTEMPATH\CodeIgniter.php(941): App\Controllers\Data->kerjasamaperguruantinggi()
 7 SYSTEMPATH\CodeIgniter.php(502): CodeIgniter\CodeIgniter->runController(Object(App\Controllers\Data))
 8 SYSTEMPATH\CodeIgniter.php(361): CodeIgniter\CodeIgniter->handleRequest(null, Object(Config\Cache), false)
 9 FCPATH\index.php(79): CodeIgniter\CodeIgniter->run()
10 SYSTEMPATH\Commands\Server\rewrite.php(47): require_once('E:\\xampp\\htdocs\\sistem-aps-uho\\public\\index.php')
CRITICAL - 2024-03-14 06:44:56 --> ErrorException: Undefined array key "internasional"
in APPPATH\Views\data\kerjasamaperguruantinggi.php on line 157.
 1 APPPATH\Views\data\kerjasamaperguruantinggi.php(157): CodeIgniter\Debug\Exceptions->errorHandler(2, 'Undefined array key "internasional"', 'E:\\xampp\\htdocs\\sistem-aps-uho\\app\\Views\\data\\kerjasamaperguruantinggi.php', 157)
 2 SYSTEMPATH\View\View.php(228): include('E:\\xampp\\htdocs\\sistem-aps-uho\\app\\Views\\data\\kerjasamaperguruantinggi.php')
 3 SYSTEMPATH\View\View.php(231): CodeIgniter\View\View->CodeIgniter\View\{closure}()
 4 SYSTEMPATH\Common.php(1178): CodeIgniter\View\View->render('data/kerjasamaperguruantinggi', [], true)
 5 APPPATH\Controllers\Data.php(407): view('data/kerjasamaperguruantinggi', [...])
 6 SYSTEMPATH\CodeIgniter.php(941): App\Controllers\Data->kerjasamaperguruantinggi()
 7 SYSTEMPATH\CodeIgniter.php(502): CodeIgniter\CodeIgniter->runController(Object(App\Controllers\Data))
 8 SYSTEMPATH\CodeIgniter.php(361): CodeIgniter\CodeIgniter->handleRequest(null, Object(Config\Cache), false)
 9 FCPATH\index.php(79): CodeIgniter\CodeIgniter->run()
10 SYSTEMPATH\Commands\Server\rewrite.php(47): require_once('E:\\xampp\\htdocs\\sistem-aps-uho\\public\\index.php')
CRITICAL - 2024-03-14 06:45:14 --> ErrorException: Undefined array key "internasional"
in APPPATH\Views\data\kerjasamaperguruantinggi.php on line 157.
 1 APPPATH\Views\data\kerjasamaperguruantinggi.php(157): CodeIgniter\Debug\Exceptions->errorHandler(2, 'Undefined array key "internasional"', 'E:\\xampp\\htdocs\\sistem-aps-uho\\app\\Views\\data\\kerjasamaperguruantinggi.php', 157)
 2 SYSTEMPATH\View\View.php(228): include('E:\\xampp\\htdocs\\sistem-aps-uho\\app\\Views\\data\\kerjasamaperguruantinggi.php')
 3 SYSTEMPATH\View\View.php(231): CodeIgniter\View\View->CodeIgniter\View\{closure}()
 4 SYSTEMPATH\Common.php(1178): CodeIgniter\View\View->render('data/kerjasamaperguruantinggi', [], true)
 5 APPPATH\Controllers\Data.php(407): view('data/kerjasamaperguruantinggi', [...])
 6 SYSTEMPATH\CodeIgniter.php(941): App\Controllers\Data->kerjasamaperguruantinggi()
 7 SYSTEMPATH\CodeIgniter.php(502): CodeIgniter\CodeIgniter->runController(Object(App\Controllers\Data))
 8 SYSTEMPATH\CodeIgniter.php(361): CodeIgniter\CodeIgniter->handleRequest(null, Object(Config\Cache), false)
 9 FCPATH\index.php(79): CodeIgniter\CodeIgniter->run()
10 SYSTEMPATH\Commands\Server\rewrite.php(47): require_once('E:\\xampp\\htdocs\\sistem-aps-uho\\public\\index.php')
