CRITICAL - 2025-01-08 13:33:05 --> ErrorException: Undefined variable $produktivitaspenelitianpkm
in APPPATH\Views\data\produktivitaspenelitian.php on line 160.
 1 APPPATH\Views\data\produktivitaspenelitian.php(160): CodeIgniter\Debug\Exceptions->errorHandler(2, 'Undefined variable $produktivitaspenelitianpkm', 'C:\\xampp\\htdocs\\sistem-aps-uho\\app\\Views\\data\\produktivitaspenelitian.php', 160)
 2 SYSTEMPATH\View\View.php(228): include('C:\\xampp\\htdocs\\sistem-aps-uho\\app\\Views\\data\\produktivitaspenelitian.php')
 3 SYSTEMPATH\View\View.php(231): CodeIgniter\View\View->CodeIgniter\View\{closure}()
 4 SYSTEMPATH\Common.php(1178): CodeIgniter\View\View->render('data/produktivitaspenelitian', [], true)
 5 APPPATH\Controllers\Data.php(629): view('data/produktivitaspenelitian', [...])
 6 SYSTEMPATH\CodeIgniter.php(941): App\Controllers\Data->produktivitaspenelitian()
 7 SYSTEMPATH\CodeIgniter.php(502): CodeIgniter\CodeIgniter->runController(Object(App\Controllers\Data))
 8 SYSTEMPATH\CodeIgniter.php(361): CodeIgniter\CodeIgniter->handleRequest(null, Object(Config\Cache), false)
 9 FCPATH\index.php(79): CodeIgniter\CodeIgniter->run()
10 SYSTEMPATH\Commands\Server\rewrite.php(47): require_once('C:\\xampp\\htdocs\\sistem-aps-uho\\public\\index.php')
CRITICAL - 2025-01-08 13:36:06 --> ErrorException: Undefined variable $produktivitaspenelitianpkm
in APPPATH\Views\data\produktivitaspenelitian.php on line 160.
 1 APPPATH\Views\data\produktivitaspenelitian.php(160): CodeIgniter\Debug\Exceptions->errorHandler(2, 'Undefined variable $produktivitaspenelitianpkm', 'C:\\xampp\\htdocs\\sistem-aps-uho\\app\\Views\\data\\produktivitaspenelitian.php', 160)
 2 SYSTEMPATH\View\View.php(228): include('C:\\xampp\\htdocs\\sistem-aps-uho\\app\\Views\\data\\produktivitaspenelitian.php')
 3 SYSTEMPATH\View\View.php(231): CodeIgniter\View\View->CodeIgniter\View\{closure}()
 4 SYSTEMPATH\Common.php(1178): CodeIgniter\View\View->render('data/produktivitaspenelitian', [], true)
 5 APPPATH\Controllers\Data.php(629): view('data/produktivitaspenelitian', [...])
 6 SYSTEMPATH\CodeIgniter.php(941): App\Controllers\Data->produktivitaspenelitian()
 7 SYSTEMPATH\CodeIgniter.php(502): CodeIgniter\CodeIgniter->runController(Object(App\Controllers\Data))
 8 SYSTEMPATH\CodeIgniter.php(361): CodeIgniter\CodeIgniter->handleRequest(null, Object(Config\Cache), false)
 9 FCPATH\index.php(79): CodeIgniter\CodeIgniter->run()
10 SYSTEMPATH\Commands\Server\rewrite.php(47): require_once('C:\\xampp\\htdocs\\sistem-aps-uho\\public\\index.php')
CRITICAL - 2025-01-08 13:38:49 --> ErrorException: Undefined variable $produktivitaspenelitianpkm
in APPPATH\Views\data\produktivitaspenelitian.php on line 160.
 1 APPPATH\Views\data\produktivitaspenelitian.php(160): CodeIgniter\Debug\Exceptions->errorHandler(2, 'Undefined variable $produktivitaspenelitianpkm', 'C:\\xampp\\htdocs\\sistem-aps-uho\\app\\Views\\data\\produktivitaspenelitian.php', 160)
 2 SYSTEMPATH\View\View.php(228): include('C:\\xampp\\htdocs\\sistem-aps-uho\\app\\Views\\data\\produktivitaspenelitian.php')
 3 SYSTEMPATH\View\View.php(231): CodeIgniter\View\View->CodeIgniter\View\{closure}()
 4 SYSTEMPATH\Common.php(1178): CodeIgniter\View\View->render('data/produktivitaspenelitian', [], true)
 5 APPPATH\Controllers\Data.php(629): view('data/produktivitaspenelitian', [...])
 6 SYSTEMPATH\CodeIgniter.php(941): App\Controllers\Data->produktivitaspenelitian()
 7 SYSTEMPATH\CodeIgniter.php(502): CodeIgniter\CodeIgniter->runController(Object(App\Controllers\Data))
 8 SYSTEMPATH\CodeIgniter.php(361): CodeIgniter\CodeIgniter->handleRequest(null, Object(Config\Cache), false)
 9 FCPATH\index.php(79): CodeIgniter\CodeIgniter->run()
10 SYSTEMPATH\Commands\Server\rewrite.php(47): require_once('C:\\xampp\\htdocs\\sistem-aps-uho\\public\\index.php')
CRITICAL - 2025-01-08 13:38:50 --> ErrorException: Undefined variable $produktivitaspenelitianpkm
in APPPATH\Views\data\produktivitaspenelitian.php on line 160.
 1 APPPATH\Views\data\produktivitaspenelitian.php(160): CodeIgniter\Debug\Exceptions->errorHandler(2, 'Undefined variable $produktivitaspenelitianpkm', 'C:\\xampp\\htdocs\\sistem-aps-uho\\app\\Views\\data\\produktivitaspenelitian.php', 160)
 2 SYSTEMPATH\View\View.php(228): include('C:\\xampp\\htdocs\\sistem-aps-uho\\app\\Views\\data\\produktivitaspenelitian.php')
 3 SYSTEMPATH\View\View.php(231): CodeIgniter\View\View->CodeIgniter\View\{closure}()
 4 SYSTEMPATH\Common.php(1178): CodeIgniter\View\View->render('data/produktivitaspenelitian', [], true)
 5 APPPATH\Controllers\Data.php(629): view('data/produktivitaspenelitian', [...])
 6 SYSTEMPATH\CodeIgniter.php(941): App\Controllers\Data->produktivitaspenelitian()
 7 SYSTEMPATH\CodeIgniter.php(502): CodeIgniter\CodeIgniter->runController(Object(App\Controllers\Data))
 8 SYSTEMPATH\CodeIgniter.php(361): CodeIgniter\CodeIgniter->handleRequest(null, Object(Config\Cache), false)
 9 FCPATH\index.php(79): CodeIgniter\CodeIgniter->run()
10 SYSTEMPATH\Commands\Server\rewrite.php(47): require_once('C:\\xampp\\htdocs\\sistem-aps-uho\\public\\index.php')
CRITICAL - 2025-01-08 13:38:51 --> ErrorException: Undefined variable $produktivitaspenelitianpkm
in APPPATH\Views\data\produktivitaspenelitian.php on line 160.
 1 APPPATH\Views\data\produktivitaspenelitian.php(160): CodeIgniter\Debug\Exceptions->errorHandler(2, 'Undefined variable $produktivitaspenelitianpkm', 'C:\\xampp\\htdocs\\sistem-aps-uho\\app\\Views\\data\\produktivitaspenelitian.php', 160)
 2 SYSTEMPATH\View\View.php(228): include('C:\\xampp\\htdocs\\sistem-aps-uho\\app\\Views\\data\\produktivitaspenelitian.php')
 3 SYSTEMPATH\View\View.php(231): CodeIgniter\View\View->CodeIgniter\View\{closure}()
 4 SYSTEMPATH\Common.php(1178): CodeIgniter\View\View->render('data/produktivitaspenelitian', [], true)
 5 APPPATH\Controllers\Data.php(629): view('data/produktivitaspenelitian', [...])
 6 SYSTEMPATH\CodeIgniter.php(941): App\Controllers\Data->produktivitaspenelitian()
 7 SYSTEMPATH\CodeIgniter.php(502): CodeIgniter\CodeIgniter->runController(Object(App\Controllers\Data))
 8 SYSTEMPATH\CodeIgniter.php(361): CodeIgniter\CodeIgniter->handleRequest(null, Object(Config\Cache), false)
 9 FCPATH\index.php(79): CodeIgniter\CodeIgniter->run()
10 SYSTEMPATH\Commands\Server\rewrite.php(47): require_once('C:\\xampp\\htdocs\\sistem-aps-uho\\public\\index.php')
CRITICAL - 2025-01-08 13:40:16 --> ErrorException: Undefined variable $produktivitaspenelitianpkm
in APPPATH\Views\data\produktivitaspenelitian.php on line 160.
 1 APPPATH\Views\data\produktivitaspenelitian.php(160): CodeIgniter\Debug\Exceptions->errorHandler(2, 'Undefined variable $produktivitaspenelitianpkm', 'C:\\xampp\\htdocs\\sistem-aps-uho\\app\\Views\\data\\produktivitaspenelitian.php', 160)
 2 SYSTEMPATH\View\View.php(228): include('C:\\xampp\\htdocs\\sistem-aps-uho\\app\\Views\\data\\produktivitaspenelitian.php')
 3 SYSTEMPATH\View\View.php(231): CodeIgniter\View\View->CodeIgniter\View\{closure}()
 4 SYSTEMPATH\Common.php(1178): CodeIgniter\View\View->render('data/produktivitaspenelitian', [], true)
 5 APPPATH\Controllers\Data.php(629): view('data/produktivitaspenelitian', [...])
 6 SYSTEMPATH\CodeIgniter.php(941): App\Controllers\Data->produktivitaspenelitian()
 7 SYSTEMPATH\CodeIgniter.php(502): CodeIgniter\CodeIgniter->runController(Object(App\Controllers\Data))
 8 SYSTEMPATH\CodeIgniter.php(361): CodeIgniter\CodeIgniter->handleRequest(null, Object(Config\Cache), false)
 9 FCPATH\index.php(79): CodeIgniter\CodeIgniter->run()
10 SYSTEMPATH\Commands\Server\rewrite.php(47): require_once('C:\\xampp\\htdocs\\sistem-aps-uho\\public\\index.php')
CRITICAL - 2025-01-08 13:41:29 --> ErrorException: Undefined variable $produktivitaspenelitianpkm
in APPPATH\Views\data\produktivitaspenelitian.php on line 160.
 1 APPPATH\Views\data\produktivitaspenelitian.php(160): CodeIgniter\Debug\Exceptions->errorHandler(2, 'Undefined variable $produktivitaspenelitianpkm', 'C:\\xampp\\htdocs\\sistem-aps-uho\\app\\Views\\data\\produktivitaspenelitian.php', 160)
 2 SYSTEMPATH\View\View.php(228): include('C:\\xampp\\htdocs\\sistem-aps-uho\\app\\Views\\data\\produktivitaspenelitian.php')
 3 SYSTEMPATH\View\View.php(231): CodeIgniter\View\View->CodeIgniter\View\{closure}()
 4 SYSTEMPATH\Common.php(1178): CodeIgniter\View\View->render('data/produktivitaspenelitian', [], true)
 5 APPPATH\Controllers\Data.php(629): view('data/produktivitaspenelitian', [...])
 6 SYSTEMPATH\CodeIgniter.php(941): App\Controllers\Data->produktivitaspenelitian()
 7 SYSTEMPATH\CodeIgniter.php(502): CodeIgniter\CodeIgniter->runController(Object(App\Controllers\Data))
 8 SYSTEMPATH\CodeIgniter.php(361): CodeIgniter\CodeIgniter->handleRequest(null, Object(Config\Cache), false)
 9 FCPATH\index.php(79): CodeIgniter\CodeIgniter->run()
10 SYSTEMPATH\Commands\Server\rewrite.php(47): require_once('C:\\xampp\\htdocs\\sistem-aps-uho\\public\\index.php')
CRITICAL - 2025-01-08 13:42:00 --> ErrorException: Undefined variable $produktivitaspenelitianpkm
in APPPATH\Views\data\produktivitaspenelitian.php on line 160.
 1 APPPATH\Views\data\produktivitaspenelitian.php(160): CodeIgniter\Debug\Exceptions->errorHandler(2, 'Undefined variable $produktivitaspenelitianpkm', 'C:\\xampp\\htdocs\\sistem-aps-uho\\app\\Views\\data\\produktivitaspenelitian.php', 160)
 2 SYSTEMPATH\View\View.php(228): include('C:\\xampp\\htdocs\\sistem-aps-uho\\app\\Views\\data\\produktivitaspenelitian.php')
 3 SYSTEMPATH\View\View.php(231): CodeIgniter\View\View->CodeIgniter\View\{closure}()
 4 SYSTEMPATH\Common.php(1178): CodeIgniter\View\View->render('data/produktivitaspenelitian', [], true)
 5 APPPATH\Controllers\Data.php(629): view('data/produktivitaspenelitian', [...])
 6 SYSTEMPATH\CodeIgniter.php(941): App\Controllers\Data->produktivitaspenelitian()
 7 SYSTEMPATH\CodeIgniter.php(502): CodeIgniter\CodeIgniter->runController(Object(App\Controllers\Data))
 8 SYSTEMPATH\CodeIgniter.php(361): CodeIgniter\CodeIgniter->handleRequest(null, Object(Config\Cache), false)
 9 FCPATH\index.php(79): CodeIgniter\CodeIgniter->run()
10 SYSTEMPATH\Commands\Server\rewrite.php(47): require_once('C:\\xampp\\htdocs\\sistem-aps-uho\\public\\index.php')
CRITICAL - 2025-01-08 13:59:50 --> ErrorException: Undefined variable $produktivitaspenelitianpkm
in APPPATH\Views\data\produktivitaspenelitian.php on line 160.
 1 APPPATH\Views\data\produktivitaspenelitian.php(160): CodeIgniter\Debug\Exceptions->errorHandler(2, 'Undefined variable $produktivitaspenelitianpkm', 'C:\\xampp\\htdocs\\sistem-aps-uho\\app\\Views\\data\\produktivitaspenelitian.php', 160)
 2 SYSTEMPATH\View\View.php(228): include('C:\\xampp\\htdocs\\sistem-aps-uho\\app\\Views\\data\\produktivitaspenelitian.php')
 3 SYSTEMPATH\View\View.php(231): CodeIgniter\View\View->CodeIgniter\View\{closure}()
 4 SYSTEMPATH\Common.php(1178): CodeIgniter\View\View->render('data/produktivitaspenelitian', [], true)
 5 APPPATH\Controllers\Data.php(629): view('data/produktivitaspenelitian', [...])
 6 SYSTEMPATH\CodeIgniter.php(941): App\Controllers\Data->produktivitaspenelitian()
 7 SYSTEMPATH\CodeIgniter.php(502): CodeIgniter\CodeIgniter->runController(Object(App\Controllers\Data))
 8 SYSTEMPATH\CodeIgniter.php(361): CodeIgniter\CodeIgniter->handleRequest(null, Object(Config\Cache), false)
 9 FCPATH\index.php(79): CodeIgniter\CodeIgniter->run()
10 SYSTEMPATH\Commands\Server\rewrite.php(47): require_once('C:\\xampp\\htdocs\\sistem-aps-uho\\public\\index.php')
CRITICAL - 2025-01-08 14:09:40 --> ErrorException: Undefined variable $produktivitaspenelitianpkm
in APPPATH\Views\data\produktivitaspenelitian.php on line 160.
 1 APPPATH\Views\data\produktivitaspenelitian.php(160): CodeIgniter\Debug\Exceptions->errorHandler(2, 'Undefined variable $produktivitaspenelitianpkm', 'C:\\xampp\\htdocs\\sistem-aps-uho\\app\\Views\\data\\produktivitaspenelitian.php', 160)
 2 SYSTEMPATH\View\View.php(228): include('C:\\xampp\\htdocs\\sistem-aps-uho\\app\\Views\\data\\produktivitaspenelitian.php')
 3 SYSTEMPATH\View\View.php(231): CodeIgniter\View\View->CodeIgniter\View\{closure}()
 4 SYSTEMPATH\Common.php(1178): CodeIgniter\View\View->render('data/produktivitaspenelitian', [], true)
 5 APPPATH\Controllers\Data.php(629): view('data/produktivitaspenelitian', [...])
 6 SYSTEMPATH\CodeIgniter.php(941): App\Controllers\Data->produktivitaspenelitian()
 7 SYSTEMPATH\CodeIgniter.php(502): CodeIgniter\CodeIgniter->runController(Object(App\Controllers\Data))
 8 SYSTEMPATH\CodeIgniter.php(361): CodeIgniter\CodeIgniter->handleRequest(null, Object(Config\Cache), false)
 9 FCPATH\index.php(79): CodeIgniter\CodeIgniter->run()
10 SYSTEMPATH\Commands\Server\rewrite.php(47): require_once('C:\\xampp\\htdocs\\sistem-aps-uho\\public\\index.php')
CRITICAL - 2025-01-08 14:10:39 --> ErrorException: Undefined variable $produktivitaspenelitianpkm
in APPPATH\Views\data\produktivitaspenelitian.php on line 160.
 1 APPPATH\Views\data\produktivitaspenelitian.php(160): CodeIgniter\Debug\Exceptions->errorHandler(2, 'Undefined variable $produktivitaspenelitianpkm', 'C:\\xampp\\htdocs\\sistem-aps-uho\\app\\Views\\data\\produktivitaspenelitian.php', 160)
 2 SYSTEMPATH\View\View.php(228): include('C:\\xampp\\htdocs\\sistem-aps-uho\\app\\Views\\data\\produktivitaspenelitian.php')
 3 SYSTEMPATH\View\View.php(231): CodeIgniter\View\View->CodeIgniter\View\{closure}()
 4 SYSTEMPATH\Common.php(1178): CodeIgniter\View\View->render('data/produktivitaspenelitian', [], true)
 5 APPPATH\Controllers\Data.php(629): view('data/produktivitaspenelitian', [...])
 6 SYSTEMPATH\CodeIgniter.php(941): App\Controllers\Data->produktivitaspenelitian()
 7 SYSTEMPATH\CodeIgniter.php(502): CodeIgniter\CodeIgniter->runController(Object(App\Controllers\Data))
 8 SYSTEMPATH\CodeIgniter.php(361): CodeIgniter\CodeIgniter->handleRequest(null, Object(Config\Cache), false)
 9 FCPATH\index.php(79): CodeIgniter\CodeIgniter->run()
10 SYSTEMPATH\Commands\Server\rewrite.php(47): require_once('C:\\xampp\\htdocs\\sistem-aps-uho\\public\\index.php')
CRITICAL - 2025-01-08 14:11:16 --> ErrorException: Undefined variable $produktivitaspenelitianpkm
in APPPATH\Views\data\produktivitaspenelitian.php on line 160.
 1 APPPATH\Views\data\produktivitaspenelitian.php(160): CodeIgniter\Debug\Exceptions->errorHandler(2, 'Undefined variable $produktivitaspenelitianpkm', 'C:\\xampp\\htdocs\\sistem-aps-uho\\app\\Views\\data\\produktivitaspenelitian.php', 160)
 2 SYSTEMPATH\View\View.php(228): include('C:\\xampp\\htdocs\\sistem-aps-uho\\app\\Views\\data\\produktivitaspenelitian.php')
 3 SYSTEMPATH\View\View.php(231): CodeIgniter\View\View->CodeIgniter\View\{closure}()
 4 SYSTEMPATH\Common.php(1178): CodeIgniter\View\View->render('data/produktivitaspenelitian', [], true)
 5 APPPATH\Controllers\Data.php(629): view('data/produktivitaspenelitian', [...])
 6 SYSTEMPATH\CodeIgniter.php(941): App\Controllers\Data->produktivitaspenelitian()
 7 SYSTEMPATH\CodeIgniter.php(502): CodeIgniter\CodeIgniter->runController(Object(App\Controllers\Data))
 8 SYSTEMPATH\CodeIgniter.php(361): CodeIgniter\CodeIgniter->handleRequest(null, Object(Config\Cache), false)
 9 FCPATH\index.php(79): CodeIgniter\CodeIgniter->run()
10 SYSTEMPATH\Commands\Server\rewrite.php(47): require_once('C:\\xampp\\htdocs\\sistem-aps-uho\\public\\index.php')
CRITICAL - 2025-01-08 14:11:16 --> ErrorException: Undefined variable $produktivitaspenelitianpkm
in APPPATH\Views\data\produktivitaspenelitian.php on line 160.
 1 APPPATH\Views\data\produktivitaspenelitian.php(160): CodeIgniter\Debug\Exceptions->errorHandler(2, 'Undefined variable $produktivitaspenelitianpkm', 'C:\\xampp\\htdocs\\sistem-aps-uho\\app\\Views\\data\\produktivitaspenelitian.php', 160)
 2 SYSTEMPATH\View\View.php(228): include('C:\\xampp\\htdocs\\sistem-aps-uho\\app\\Views\\data\\produktivitaspenelitian.php')
 3 SYSTEMPATH\View\View.php(231): CodeIgniter\View\View->CodeIgniter\View\{closure}()
 4 SYSTEMPATH\Common.php(1178): CodeIgniter\View\View->render('data/produktivitaspenelitian', [], true)
 5 APPPATH\Controllers\Data.php(629): view('data/produktivitaspenelitian', [...])
 6 SYSTEMPATH\CodeIgniter.php(941): App\Controllers\Data->produktivitaspenelitian()
 7 SYSTEMPATH\CodeIgniter.php(502): CodeIgniter\CodeIgniter->runController(Object(App\Controllers\Data))
 8 SYSTEMPATH\CodeIgniter.php(361): CodeIgniter\CodeIgniter->handleRequest(null, Object(Config\Cache), false)
 9 FCPATH\index.php(79): CodeIgniter\CodeIgniter->run()
10 SYSTEMPATH\Commands\Server\rewrite.php(47): require_once('C:\\xampp\\htdocs\\sistem-aps-uho\\public\\index.php')
CRITICAL - 2025-01-08 14:11:26 --> ErrorException: Undefined variable $produktivitaspenelitianpkm
in APPPATH\Views\data\produktivitaspenelitian.php on line 160.
 1 APPPATH\Views\data\produktivitaspenelitian.php(160): CodeIgniter\Debug\Exceptions->errorHandler(2, 'Undefined variable $produktivitaspenelitianpkm', 'C:\\xampp\\htdocs\\sistem-aps-uho\\app\\Views\\data\\produktivitaspenelitian.php', 160)
 2 SYSTEMPATH\View\View.php(228): include('C:\\xampp\\htdocs\\sistem-aps-uho\\app\\Views\\data\\produktivitaspenelitian.php')
 3 SYSTEMPATH\View\View.php(231): CodeIgniter\View\View->CodeIgniter\View\{closure}()
 4 SYSTEMPATH\Common.php(1178): CodeIgniter\View\View->render('data/produktivitaspenelitian', [], true)
 5 APPPATH\Controllers\Data.php(629): view('data/produktivitaspenelitian', [...])
 6 SYSTEMPATH\CodeIgniter.php(941): App\Controllers\Data->produktivitaspenelitian()
 7 SYSTEMPATH\CodeIgniter.php(502): CodeIgniter\CodeIgniter->runController(Object(App\Controllers\Data))
 8 SYSTEMPATH\CodeIgniter.php(361): CodeIgniter\CodeIgniter->handleRequest(null, Object(Config\Cache), false)
 9 FCPATH\index.php(79): CodeIgniter\CodeIgniter->run()
10 SYSTEMPATH\Commands\Server\rewrite.php(47): require_once('C:\\xampp\\htdocs\\sistem-aps-uho\\public\\index.php')
CRITICAL - 2025-01-08 14:13:08 --> ErrorException: Undefined variable $produktivitaspenelitianpkm
in APPPATH\Views\data\produktivitaspenelitian.php on line 160.
 1 APPPATH\Views\data\produktivitaspenelitian.php(160): CodeIgniter\Debug\Exceptions->errorHandler(2, 'Undefined variable $produktivitaspenelitianpkm', 'C:\\xampp\\htdocs\\sistem-aps-uho\\app\\Views\\data\\produktivitaspenelitian.php', 160)
 2 SYSTEMPATH\View\View.php(228): include('C:\\xampp\\htdocs\\sistem-aps-uho\\app\\Views\\data\\produktivitaspenelitian.php')
 3 SYSTEMPATH\View\View.php(231): CodeIgniter\View\View->CodeIgniter\View\{closure}()
 4 SYSTEMPATH\Common.php(1178): CodeIgniter\View\View->render('data/produktivitaspenelitian', [], true)
 5 APPPATH\Controllers\Data.php(629): view('data/produktivitaspenelitian', [...])
 6 SYSTEMPATH\CodeIgniter.php(941): App\Controllers\Data->produktivitaspenelitian()
 7 SYSTEMPATH\CodeIgniter.php(502): CodeIgniter\CodeIgniter->runController(Object(App\Controllers\Data))
 8 SYSTEMPATH\CodeIgniter.php(361): CodeIgniter\CodeIgniter->handleRequest(null, Object(Config\Cache), false)
 9 FCPATH\index.php(79): CodeIgniter\CodeIgniter->run()
10 SYSTEMPATH\Commands\Server\rewrite.php(47): require_once('C:\\xampp\\htdocs\\sistem-aps-uho\\public\\index.php')
CRITICAL - 2025-01-08 14:13:09 --> ErrorException: Undefined variable $produktivitaspenelitianpkm
in APPPATH\Views\data\produktivitaspenelitian.php on line 160.
 1 APPPATH\Views\data\produktivitaspenelitian.php(160): CodeIgniter\Debug\Exceptions->errorHandler(2, 'Undefined variable $produktivitaspenelitianpkm', 'C:\\xampp\\htdocs\\sistem-aps-uho\\app\\Views\\data\\produktivitaspenelitian.php', 160)
 2 SYSTEMPATH\View\View.php(228): include('C:\\xampp\\htdocs\\sistem-aps-uho\\app\\Views\\data\\produktivitaspenelitian.php')
 3 SYSTEMPATH\View\View.php(231): CodeIgniter\View\View->CodeIgniter\View\{closure}()
 4 SYSTEMPATH\Common.php(1178): CodeIgniter\View\View->render('data/produktivitaspenelitian', [], true)
 5 APPPATH\Controllers\Data.php(629): view('data/produktivitaspenelitian', [...])
 6 SYSTEMPATH\CodeIgniter.php(941): App\Controllers\Data->produktivitaspenelitian()
 7 SYSTEMPATH\CodeIgniter.php(502): CodeIgniter\CodeIgniter->runController(Object(App\Controllers\Data))
 8 SYSTEMPATH\CodeIgniter.php(361): CodeIgniter\CodeIgniter->handleRequest(null, Object(Config\Cache), false)
 9 FCPATH\index.php(79): CodeIgniter\CodeIgniter->run()
10 SYSTEMPATH\Commands\Server\rewrite.php(47): require_once('C:\\xampp\\htdocs\\sistem-aps-uho\\public\\index.php')
CRITICAL - 2025-01-08 14:13:10 --> ErrorException: Undefined variable $produktivitaspenelitianpkm
in APPPATH\Views\data\produktivitaspenelitian.php on line 160.
 1 APPPATH\Views\data\produktivitaspenelitian.php(160): CodeIgniter\Debug\Exceptions->errorHandler(2, 'Undefined variable $produktivitaspenelitianpkm', 'C:\\xampp\\htdocs\\sistem-aps-uho\\app\\Views\\data\\produktivitaspenelitian.php', 160)
 2 SYSTEMPATH\View\View.php(228): include('C:\\xampp\\htdocs\\sistem-aps-uho\\app\\Views\\data\\produktivitaspenelitian.php')
 3 SYSTEMPATH\View\View.php(231): CodeIgniter\View\View->CodeIgniter\View\{closure}()
 4 SYSTEMPATH\Common.php(1178): CodeIgniter\View\View->render('data/produktivitaspenelitian', [], true)
 5 APPPATH\Controllers\Data.php(629): view('data/produktivitaspenelitian', [...])
 6 SYSTEMPATH\CodeIgniter.php(941): App\Controllers\Data->produktivitaspenelitian()
 7 SYSTEMPATH\CodeIgniter.php(502): CodeIgniter\CodeIgniter->runController(Object(App\Controllers\Data))
 8 SYSTEMPATH\CodeIgniter.php(361): CodeIgniter\CodeIgniter->handleRequest(null, Object(Config\Cache), false)
 9 FCPATH\index.php(79): CodeIgniter\CodeIgniter->run()
10 SYSTEMPATH\Commands\Server\rewrite.php(47): require_once('C:\\xampp\\htdocs\\sistem-aps-uho\\public\\index.php')
CRITICAL - 2025-01-08 14:15:15 --> ErrorException: Undefined variable $produktivitaspenelitianpkm
in APPPATH\Views\data\produktivitaspenelitian.php on line 160.
 1 APPPATH\Views\data\produktivitaspenelitian.php(160): CodeIgniter\Debug\Exceptions->errorHandler(2, 'Undefined variable $produktivitaspenelitianpkm', 'C:\\xampp\\htdocs\\sistem-aps-uho\\app\\Views\\data\\produktivitaspenelitian.php', 160)
 2 SYSTEMPATH\View\View.php(228): include('C:\\xampp\\htdocs\\sistem-aps-uho\\app\\Views\\data\\produktivitaspenelitian.php')
 3 SYSTEMPATH\View\View.php(231): CodeIgniter\View\View->CodeIgniter\View\{closure}()
 4 SYSTEMPATH\Common.php(1178): CodeIgniter\View\View->render('data/produktivitaspenelitian', [], true)
 5 APPPATH\Controllers\Data.php(629): view('data/produktivitaspenelitian', [...])
 6 SYSTEMPATH\CodeIgniter.php(941): App\Controllers\Data->produktivitaspenelitian()
 7 SYSTEMPATH\CodeIgniter.php(502): CodeIgniter\CodeIgniter->runController(Object(App\Controllers\Data))
 8 SYSTEMPATH\CodeIgniter.php(361): CodeIgniter\CodeIgniter->handleRequest(null, Object(Config\Cache), false)
 9 FCPATH\index.php(79): CodeIgniter\CodeIgniter->run()
10 SYSTEMPATH\Commands\Server\rewrite.php(47): require_once('C:\\xampp\\htdocs\\sistem-aps-uho\\public\\index.php')
CRITICAL - 2025-01-08 14:17:53 --> ErrorException: Undefined variable $produktivitaspenelitianpkm
in APPPATH\Views\data\produktivitaspenelitian.php on line 160.
 1 APPPATH\Views\data\produktivitaspenelitian.php(160): CodeIgniter\Debug\Exceptions->errorHandler(2, 'Undefined variable $produktivitaspenelitianpkm', 'C:\\xampp\\htdocs\\sistem-aps-uho\\app\\Views\\data\\produktivitaspenelitian.php', 160)
 2 SYSTEMPATH\View\View.php(228): include('C:\\xampp\\htdocs\\sistem-aps-uho\\app\\Views\\data\\produktivitaspenelitian.php')
 3 SYSTEMPATH\View\View.php(231): CodeIgniter\View\View->CodeIgniter\View\{closure}()
 4 SYSTEMPATH\Common.php(1178): CodeIgniter\View\View->render('data/produktivitaspenelitian', [], true)
 5 APPPATH\Controllers\Data.php(629): view('data/produktivitaspenelitian', [...])
 6 SYSTEMPATH\CodeIgniter.php(941): App\Controllers\Data->produktivitaspenelitian()
 7 SYSTEMPATH\CodeIgniter.php(502): CodeIgniter\CodeIgniter->runController(Object(App\Controllers\Data))
 8 SYSTEMPATH\CodeIgniter.php(361): CodeIgniter\CodeIgniter->handleRequest(null, Object(Config\Cache), false)
 9 FCPATH\index.php(79): CodeIgniter\CodeIgniter->run()
10 SYSTEMPATH\Commands\Server\rewrite.php(47): require_once('C:\\xampp\\htdocs\\sistem-aps-uho\\public\\index.php')
CRITICAL - 2025-01-08 14:17:54 --> ErrorException: Undefined variable $produktivitaspenelitianpkm
in APPPATH\Views\data\produktivitaspenelitian.php on line 160.
 1 APPPATH\Views\data\produktivitaspenelitian.php(160): CodeIgniter\Debug\Exceptions->errorHandler(2, 'Undefined variable $produktivitaspenelitianpkm', 'C:\\xampp\\htdocs\\sistem-aps-uho\\app\\Views\\data\\produktivitaspenelitian.php', 160)
 2 SYSTEMPATH\View\View.php(228): include('C:\\xampp\\htdocs\\sistem-aps-uho\\app\\Views\\data\\produktivitaspenelitian.php')
 3 SYSTEMPATH\View\View.php(231): CodeIgniter\View\View->CodeIgniter\View\{closure}()
 4 SYSTEMPATH\Common.php(1178): CodeIgniter\View\View->render('data/produktivitaspenelitian', [], true)
 5 APPPATH\Controllers\Data.php(629): view('data/produktivitaspenelitian', [...])
 6 SYSTEMPATH\CodeIgniter.php(941): App\Controllers\Data->produktivitaspenelitian()
 7 SYSTEMPATH\CodeIgniter.php(502): CodeIgniter\CodeIgniter->runController(Object(App\Controllers\Data))
 8 SYSTEMPATH\CodeIgniter.php(361): CodeIgniter\CodeIgniter->handleRequest(null, Object(Config\Cache), false)
 9 FCPATH\index.php(79): CodeIgniter\CodeIgniter->run()
10 SYSTEMPATH\Commands\Server\rewrite.php(47): require_once('C:\\xampp\\htdocs\\sistem-aps-uho\\public\\index.php')
