ERROR - 2024-07-21 15:03:35 --> mysqli_sql_exception: Column 'internasional' cannot be null in C:\xampp\htdocs\sistem-aps-uho\vendor\codeigniter4\framework\system\Database\MySQLi\Connection.php:306
Stack trace:
#0 C:\xampp\htdocs\sistem-aps-uho\vendor\codeigniter4\framework\system\Database\MySQLi\Connection.php(306): mysqli->query('INSERT INTO `ke...', 0)
#1 C:\xampp\htdocs\sistem-aps-uho\vendor\codeigniter4\framework\system\Database\BaseConnection.php(693): CodeIgniter\Database\MySQLi\Connection->execute('INSERT INTO `ke...')
#2 C:\xampp\htdocs\sistem-aps-uho\vendor\codeigniter4\framework\system\Database\BaseConnection.php(607): CodeIgniter\Database\BaseConnection->simpleQuery('INSERT INTO `ke...')
#3 C:\xampp\htdocs\sistem-aps-uho\vendor\codeigniter4\framework\system\Database\BaseBuilder.php(2307): CodeIgniter\Database\BaseConnection->query('INSERT INTO `ke...', Array, false)
#4 C:\xampp\htdocs\sistem-aps-uho\vendor\codeigniter4\framework\system\Model.php(326): CodeIgniter\Database\BaseBuilder->insert()
#5 C:\xampp\htdocs\sistem-aps-uho\vendor\codeigniter4\framework\system\BaseModel.php(802): CodeIgniter\Model->doInsert(Array)
#6 C:\xampp\htdocs\sistem-aps-uho\vendor\codeigniter4\framework\system\Model.php(744): CodeIgniter\BaseModel->insert(Array, true)
#7 C:\xampp\htdocs\sistem-aps-uho\app\Models\KerjasamaPerguruanTinggiModel.php(21): CodeIgniter\Model->insert(Array)
#8 C:\xampp\htdocs\sistem-aps-uho\app\Controllers\Data.php(470): App\Models\KerjasamaPerguruanTinggiModel->simpan(Array)
#9 C:\xampp\htdocs\sistem-aps-uho\vendor\codeigniter4\framework\system\CodeIgniter.php(941): App\Controllers\Data->kerjasamaperguruantinggi()
#10 C:\xampp\htdocs\sistem-aps-uho\vendor\codeigniter4\framework\system\CodeIgniter.php(502): CodeIgniter\CodeIgniter->runController(Object(App\Controllers\Data))
#11 C:\xampp\htdocs\sistem-aps-uho\vendor\codeigniter4\framework\system\CodeIgniter.php(361): CodeIgniter\CodeIgniter->handleRequest(NULL, Object(Config\Cache), false)
#12 C:\xampp\htdocs\sistem-aps-uho\public\index.php(79): CodeIgniter\CodeIgniter->run()
#13 C:\xampp\htdocs\sistem-aps-uho\vendor\codeigniter4\framework\system\Commands\Server\rewrite.php(47): require_once('C:\\xampp\\htdocs...')
#14 {main}
CRITICAL - 2024-07-21 15:03:35 --> CodeIgniter\Database\Exceptions\DatabaseException: Column 'internasional' cannot be null
in SYSTEMPATH\Database\BaseConnection.php on line 647.
 1 SYSTEMPATH\Database\BaseBuilder.php(2307): CodeIgniter\Database\BaseConnection->query('INSERT INTO `kerjasama_pt` (`lembaga_mitra`, `internasional`, `nasional`, `lokal`, `bentuk_kegiatan`, `bukti_kerjasama`) VALUES (:lembaga_mitra:, :internasional:, :nasional:, :lokal:, :bentuk_kegiatan:, :bukti_kerjasama:)', [...], false)
 2 SYSTEMPATH\Model.php(326): CodeIgniter\Database\BaseBuilder->insert()
 3 SYSTEMPATH\BaseModel.php(802): CodeIgniter\Model->doInsert([...])
 4 SYSTEMPATH\Model.php(744): CodeIgniter\BaseModel->insert([...], true)
 5 APPPATH\Models\KerjasamaPerguruanTinggiModel.php(21): CodeIgniter\Model->insert([...])
 6 APPPATH\Controllers\Data.php(470): App\Models\KerjasamaPerguruanTinggiModel->simpan([...])
 7 SYSTEMPATH\CodeIgniter.php(941): App\Controllers\Data->kerjasamaperguruantinggi()
 8 SYSTEMPATH\CodeIgniter.php(502): CodeIgniter\CodeIgniter->runController(Object(App\Controllers\Data))
 9 SYSTEMPATH\CodeIgniter.php(361): CodeIgniter\CodeIgniter->handleRequest(null, Object(Config\Cache), false)
10 FCPATH\index.php(79): CodeIgniter\CodeIgniter->run()
11 SYSTEMPATH\Commands\Server\rewrite.php(47): require_once('C:\\xampp\\htdocs\\sistem-aps-uho\\public\\index.php')
CRITICAL - 2024-07-21 15:03:35 --> [Caused by] CodeIgniter\Database\Exceptions\DatabaseException: Column 'internasional' cannot be null
in SYSTEMPATH\Database\MySQLi\Connection.php on line 311.
 1 SYSTEMPATH\Database\BaseConnection.php(693): CodeIgniter\Database\MySQLi\Connection->execute('INSERT INTO `kerjasama_pt` (`lembaga_mitra`, `internasional`, `nasional`, `lokal`, `bentuk_kegiatan`, `bukti_kerjasama`) VALUES (\'UHO\', NULL, NULL, \'1\', \'sacas\', \'https://drive.google.com/drive/folders/1OXS-y-Ao2aRALwjDDTuKjyZEfbjyk3VA\')')
 2 SYSTEMPATH\Database\BaseConnection.php(607): CodeIgniter\Database\BaseConnection->simpleQuery('INSERT INTO `kerjasama_pt` (`lembaga_mitra`, `internasional`, `nasional`, `lokal`, `bentuk_kegiatan`, `bukti_kerjasama`) VALUES (\'UHO\', NULL, NULL, \'1\', \'sacas\', \'https://drive.google.com/drive/folders/1OXS-y-Ao2aRALwjDDTuKjyZEfbjyk3VA\')')
 3 SYSTEMPATH\Database\BaseBuilder.php(2307): CodeIgniter\Database\BaseConnection->query('INSERT INTO `kerjasama_pt` (`lembaga_mitra`, `internasional`, `nasional`, `lokal`, `bentuk_kegiatan`, `bukti_kerjasama`) VALUES (:lembaga_mitra:, :internasional:, :nasional:, :lokal:, :bentuk_kegiatan:, :bukti_kerjasama:)', [...], false)
 4 SYSTEMPATH\Model.php(326): CodeIgniter\Database\BaseBuilder->insert()
 5 SYSTEMPATH\BaseModel.php(802): CodeIgniter\Model->doInsert([...])
 6 SYSTEMPATH\Model.php(744): CodeIgniter\BaseModel->insert([...], true)
 7 APPPATH\Models\KerjasamaPerguruanTinggiModel.php(21): CodeIgniter\Model->insert([...])
 8 APPPATH\Controllers\Data.php(470): App\Models\KerjasamaPerguruanTinggiModel->simpan([...])
 9 SYSTEMPATH\CodeIgniter.php(941): App\Controllers\Data->kerjasamaperguruantinggi()
10 SYSTEMPATH\CodeIgniter.php(502): CodeIgniter\CodeIgniter->runController(Object(App\Controllers\Data))
11 SYSTEMPATH\CodeIgniter.php(361): CodeIgniter\CodeIgniter->handleRequest(null, Object(Config\Cache), false)
12 FCPATH\index.php(79): CodeIgniter\CodeIgniter->run()
13 SYSTEMPATH\Commands\Server\rewrite.php(47): require_once('C:\\xampp\\htdocs\\sistem-aps-uho\\public\\index.php')
CRITICAL - 2024-07-21 15:03:35 --> [Caused by] mysqli_sql_exception: Column 'internasional' cannot be null
in SYSTEMPATH\Database\MySQLi\Connection.php on line 306.
 1 SYSTEMPATH\Database\MySQLi\Connection.php(306): mysqli->query('INSERT INTO `kerjasama_pt` (`lembaga_mitra`, `internasional`, `nasional`, `lokal`, `bentuk_kegiatan`, `bukti_kerjasama`) VALUES (\'UHO\', NULL, NULL, \'1\', \'sacas\', \'https://drive.google.com/drive/folders/1OXS-y-Ao2aRALwjDDTuKjyZEfbjyk3VA\')', 0)
 2 SYSTEMPATH\Database\BaseConnection.php(693): CodeIgniter\Database\MySQLi\Connection->execute('INSERT INTO `kerjasama_pt` (`lembaga_mitra`, `internasional`, `nasional`, `lokal`, `bentuk_kegiatan`, `bukti_kerjasama`) VALUES (\'UHO\', NULL, NULL, \'1\', \'sacas\', \'https://drive.google.com/drive/folders/1OXS-y-Ao2aRALwjDDTuKjyZEfbjyk3VA\')')
 3 SYSTEMPATH\Database\BaseConnection.php(607): CodeIgniter\Database\BaseConnection->simpleQuery('INSERT INTO `kerjasama_pt` (`lembaga_mitra`, `internasional`, `nasional`, `lokal`, `bentuk_kegiatan`, `bukti_kerjasama`) VALUES (\'UHO\', NULL, NULL, \'1\', \'sacas\', \'https://drive.google.com/drive/folders/1OXS-y-Ao2aRALwjDDTuKjyZEfbjyk3VA\')')
 4 SYSTEMPATH\Database\BaseBuilder.php(2307): CodeIgniter\Database\BaseConnection->query('INSERT INTO `kerjasama_pt` (`lembaga_mitra`, `internasional`, `nasional`, `lokal`, `bentuk_kegiatan`, `bukti_kerjasama`) VALUES (:lembaga_mitra:, :internasional:, :nasional:, :lokal:, :bentuk_kegiatan:, :bukti_kerjasama:)', [...], false)
 5 SYSTEMPATH\Model.php(326): CodeIgniter\Database\BaseBuilder->insert()
 6 SYSTEMPATH\BaseModel.php(802): CodeIgniter\Model->doInsert([...])
 7 SYSTEMPATH\Model.php(744): CodeIgniter\BaseModel->insert([...], true)
 8 APPPATH\Models\KerjasamaPerguruanTinggiModel.php(21): CodeIgniter\Model->insert([...])
 9 APPPATH\Controllers\Data.php(470): App\Models\KerjasamaPerguruanTinggiModel->simpan([...])
10 SYSTEMPATH\CodeIgniter.php(941): App\Controllers\Data->kerjasamaperguruantinggi()
11 SYSTEMPATH\CodeIgniter.php(502): CodeIgniter\CodeIgniter->runController(Object(App\Controllers\Data))
12 SYSTEMPATH\CodeIgniter.php(361): CodeIgniter\CodeIgniter->handleRequest(null, Object(Config\Cache), false)
13 FCPATH\index.php(79): CodeIgniter\CodeIgniter->run()
14 SYSTEMPATH\Commands\Server\rewrite.php(47): require_once('C:\\xampp\\htdocs\\sistem-aps-uho\\public\\index.php')
CRITICAL - 2024-07-21 15:22:35 --> ErrorException: Undefined variable $pg
in APPPATH\Views\data\bebankerjadosen.php on line 41.
 1 APPPATH\Views\data\bebankerjadosen.php(41): CodeIgniter\Debug\Exceptions->errorHandler(2, 'Undefined variable $pg', 'C:\\xampp\\htdocs\\sistem-aps-uho\\app\\Views\\data\\bebankerjadosen.php', 41)
 2 SYSTEMPATH\View\View.php(228): include('C:\\xampp\\htdocs\\sistem-aps-uho\\app\\Views\\data\\bebankerjadosen.php')
 3 SYSTEMPATH\View\View.php(231): CodeIgniter\View\View->CodeIgniter\View\{closure}()
 4 SYSTEMPATH\Common.php(1178): CodeIgniter\View\View->render('data/bebankerjadosen', [], true)
 5 APPPATH\Controllers\Data.php(522): view('data/bebankerjadosen', [...])
 6 SYSTEMPATH\CodeIgniter.php(941): App\Controllers\Data->bebankerjadosen()
 7 SYSTEMPATH\CodeIgniter.php(502): CodeIgniter\CodeIgniter->runController(Object(App\Controllers\Data))
 8 SYSTEMPATH\CodeIgniter.php(361): CodeIgniter\CodeIgniter->handleRequest(null, Object(Config\Cache), false)
 9 FCPATH\index.php(79): CodeIgniter\CodeIgniter->run()
10 SYSTEMPATH\Commands\Server\rewrite.php(47): require_once('C:\\xampp\\htdocs\\sistem-aps-uho\\public\\index.php')
CRITICAL - 2024-07-21 15:24:34 --> Error: Cannot use object of type stdClass as array
in APPPATH\Views\data\bebankerjadosen.php on line 85.
 1 SYSTEMPATH\View\View.php(228): include()
 2 SYSTEMPATH\View\View.php(231): CodeIgniter\View\View->CodeIgniter\View\{closure}()
 3 SYSTEMPATH\Common.php(1178): CodeIgniter\View\View->render('data/bebankerjadosen', [], true)
 4 APPPATH\Controllers\Data.php(522): view('data/bebankerjadosen', [...])
 5 SYSTEMPATH\CodeIgniter.php(941): App\Controllers\Data->bebankerjadosen()
 6 SYSTEMPATH\CodeIgniter.php(502): CodeIgniter\CodeIgniter->runController(Object(App\Controllers\Data))
 7 SYSTEMPATH\CodeIgniter.php(361): CodeIgniter\CodeIgniter->handleRequest(null, Object(Config\Cache), false)
 8 FCPATH\index.php(79): CodeIgniter\CodeIgniter->run()
 9 SYSTEMPATH\Commands\Server\rewrite.php(47): require_once('C:\\xampp\\htdocs\\sistem-aps-uho\\public\\index.php')
CRITICAL - 2024-07-21 15:40:53 --> ErrorException: Undefined variable $rasio
in APPPATH\Views\data\bebankerjadosen.php on line 37.
 1 APPPATH\Views\data\bebankerjadosen.php(37): CodeIgniter\Debug\Exceptions->errorHandler(2, 'Undefined variable $rasio', 'C:\\xampp\\htdocs\\sistem-aps-uho\\app\\Views\\data\\bebankerjadosen.php', 37)
 2 SYSTEMPATH\View\View.php(228): include('C:\\xampp\\htdocs\\sistem-aps-uho\\app\\Views\\data\\bebankerjadosen.php')
 3 SYSTEMPATH\View\View.php(231): CodeIgniter\View\View->CodeIgniter\View\{closure}()
 4 SYSTEMPATH\Common.php(1178): CodeIgniter\View\View->render('data/bebankerjadosen', [], true)
 5 APPPATH\Controllers\Data.php(537): view('data/bebankerjadosen', [...])
 6 SYSTEMPATH\CodeIgniter.php(941): App\Controllers\Data->bebankerjadosen()
 7 SYSTEMPATH\CodeIgniter.php(502): CodeIgniter\CodeIgniter->runController(Object(App\Controllers\Data))
 8 SYSTEMPATH\CodeIgniter.php(361): CodeIgniter\CodeIgniter->handleRequest(null, Object(Config\Cache), false)
 9 FCPATH\index.php(79): CodeIgniter\CodeIgniter->run()
10 SYSTEMPATH\Commands\Server\rewrite.php(47): require_once('C:\\xampp\\htdocs\\sistem-aps-uho\\public\\index.php')
CRITICAL - 2024-07-21 16:08:08 --> ErrorException: Undefined variable $index
in APPPATH\Views\data\bebankerjadosen.php on line 39.
 1 APPPATH\Views\data\bebankerjadosen.php(39): CodeIgniter\Debug\Exceptions->errorHandler(2, 'Undefined variable $index', 'C:\\xampp\\htdocs\\sistem-aps-uho\\app\\Views\\data\\bebankerjadosen.php', 39)
 2 SYSTEMPATH\View\View.php(228): include('C:\\xampp\\htdocs\\sistem-aps-uho\\app\\Views\\data\\bebankerjadosen.php')
 3 SYSTEMPATH\View\View.php(231): CodeIgniter\View\View->CodeIgniter\View\{closure}()
 4 SYSTEMPATH\Common.php(1178): CodeIgniter\View\View->render('data/bebankerjadosen', [], true)
 5 APPPATH\Controllers\Data.php(553): view('data/bebankerjadosen', [...])
 6 SYSTEMPATH\CodeIgniter.php(941): App\Controllers\Data->bebankerjadosen()
 7 SYSTEMPATH\CodeIgniter.php(502): CodeIgniter\CodeIgniter->runController(Object(App\Controllers\Data))
 8 SYSTEMPATH\CodeIgniter.php(361): CodeIgniter\CodeIgniter->handleRequest(null, Object(Config\Cache), false)
 9 FCPATH\index.php(79): CodeIgniter\CodeIgniter->run()
10 SYSTEMPATH\Commands\Server\rewrite.php(47): require_once('C:\\xampp\\htdocs\\sistem-aps-uho\\public\\index.php')
CRITICAL - 2024-07-21 16:09:40 --> TypeError: Illegal offset type
in APPPATH\Views\data\bebankerjadosen.php on line 39.
 1 SYSTEMPATH\View\View.php(228): include()
 2 SYSTEMPATH\View\View.php(231): CodeIgniter\View\View->CodeIgniter\View\{closure}()
 3 SYSTEMPATH\Common.php(1178): CodeIgniter\View\View->render('data/bebankerjadosen', [], true)
 4 APPPATH\Controllers\Data.php(553): view('data/bebankerjadosen', [...])
 5 SYSTEMPATH\CodeIgniter.php(941): App\Controllers\Data->bebankerjadosen()
 6 SYSTEMPATH\CodeIgniter.php(502): CodeIgniter\CodeIgniter->runController(Object(App\Controllers\Data))
 7 SYSTEMPATH\CodeIgniter.php(361): CodeIgniter\CodeIgniter->handleRequest(null, Object(Config\Cache), false)
 8 FCPATH\index.php(79): CodeIgniter\CodeIgniter->run()
 9 SYSTEMPATH\Commands\Server\rewrite.php(47): require_once('C:\\xampp\\htdocs\\sistem-aps-uho\\public\\index.php')
CRITICAL - 2024-07-21 16:23:47 --> ErrorException: Undefined variable $total_dosen
in APPPATH\Views\data\bebankerjadosen.php on line 38.
 1 APPPATH\Views\data\bebankerjadosen.php(38): CodeIgniter\Debug\Exceptions->errorHandler(2, 'Undefined variable $total_dosen', 'C:\\xampp\\htdocs\\sistem-aps-uho\\app\\Views\\data\\bebankerjadosen.php', 38)
 2 SYSTEMPATH\View\View.php(228): include('C:\\xampp\\htdocs\\sistem-aps-uho\\app\\Views\\data\\bebankerjadosen.php')
 3 SYSTEMPATH\View\View.php(231): CodeIgniter\View\View->CodeIgniter\View\{closure}()
 4 SYSTEMPATH\Common.php(1178): CodeIgniter\View\View->render('data/bebankerjadosen', [], true)
 5 APPPATH\Controllers\Data.php(539): view('data/bebankerjadosen', [...])
 6 SYSTEMPATH\CodeIgniter.php(941): App\Controllers\Data->bebankerjadosen()
 7 SYSTEMPATH\CodeIgniter.php(502): CodeIgniter\CodeIgniter->runController(Object(App\Controllers\Data))
 8 SYSTEMPATH\CodeIgniter.php(361): CodeIgniter\CodeIgniter->handleRequest(null, Object(Config\Cache), false)
 9 FCPATH\index.php(79): CodeIgniter\CodeIgniter->run()
10 SYSTEMPATH\Commands\Server\rewrite.php(47): require_once('C:\\xampp\\htdocs\\sistem-aps-uho\\public\\index.php')
