CRITICAL - 2024-02-27 02:39:14 --> ParseError: syntax error, unexpected token "<<"
in APPPATH\Controllers\Data.php on line 45.
 1 SYSTEMPATH\Router\Router.php(514): CodeIgniter\Router\AutoRouter->getRoute('data/home', 'get')
 2 SYSTEMPATH\Router\Router.php(210): CodeIgniter\Router\Router->autoRoute('data/home')
 3 SYSTEMPATH\CodeIgniter.php(823): CodeIgniter\Router\Router->handle('data/home')
 4 SYSTEMPATH\CodeIgniter.php(450): CodeIgniter\CodeIgniter->tryToRouteIt(Object(CodeIgniter\Router\RouteCollection))
 5 SYSTEMPATH\CodeIgniter.php(361): CodeIgniter\CodeIgniter->handleRequest(null, Object(Config\Cache), false)
 6 FCPATH\index.php(79): CodeIgniter\CodeIgniter->run()
 7 SYSTEMPATH\Commands\Server\rewrite.php(47): require_once('E:\\xampp\\htdocs\\sistem-aps-uho\\public\\index.php')
CRITICAL - 2024-02-27 02:39:22 --> ParseError: syntax error, unexpected token "<<"
in APPPATH\Controllers\Data.php on line 45.
 1 SYSTEMPATH\Router\Router.php(514): CodeIgniter\Router\AutoRouter->getRoute('data/home', 'get')
 2 SYSTEMPATH\Router\Router.php(210): CodeIgniter\Router\Router->autoRoute('data/home')
 3 SYSTEMPATH\CodeIgniter.php(823): CodeIgniter\Router\Router->handle('data/home')
 4 SYSTEMPATH\CodeIgniter.php(450): CodeIgniter\CodeIgniter->tryToRouteIt(Object(CodeIgniter\Router\RouteCollection))
 5 SYSTEMPATH\CodeIgniter.php(361): CodeIgniter\CodeIgniter->handleRequest(null, Object(Config\Cache), false)
 6 FCPATH\index.php(79): CodeIgniter\CodeIgniter->run()
 7 SYSTEMPATH\Commands\Server\rewrite.php(47): require_once('E:\\xampp\\htdocs\\sistem-aps-uho\\public\\index.php')
ERROR - 2024-02-27 02:44:40 --> mysqli_sql_exception: Table 'sistem_aps_uho.tabel_seleksi_maba' doesn't exist in E:\xampp\htdocs\sistem-aps-uho\vendor\codeigniter4\framework\system\Database\MySQLi\Connection.php:306
Stack trace:
#0 E:\xampp\htdocs\sistem-aps-uho\vendor\codeigniter4\framework\system\Database\MySQLi\Connection.php(306): mysqli->query('SELECT\r\n       ...', 0)
#1 E:\xampp\htdocs\sistem-aps-uho\vendor\codeigniter4\framework\system\Database\BaseConnection.php(693): CodeIgniter\Database\MySQLi\Connection->execute('SELECT\r\n       ...')
#2 E:\xampp\htdocs\sistem-aps-uho\vendor\codeigniter4\framework\system\Database\BaseConnection.php(607): CodeIgniter\Database\BaseConnection->simpleQuery('SELECT\r\n       ...')
#3 E:\xampp\htdocs\sistem-aps-uho\app\Models\SeleksiMahasiswaBaruModel.php(16): CodeIgniter\Database\BaseConnection->query('SELECT\r\n       ...')
#4 E:\xampp\htdocs\sistem-aps-uho\app\Controllers\Data.php(286): App\Models\SeleksiMahasiswaBaruModel->getAllDataChart()
#5 E:\xampp\htdocs\sistem-aps-uho\vendor\codeigniter4\framework\system\CodeIgniter.php(941): App\Controllers\Data->seleksiMahasiswaBaru()
#6 E:\xampp\htdocs\sistem-aps-uho\vendor\codeigniter4\framework\system\CodeIgniter.php(502): CodeIgniter\CodeIgniter->runController(Object(App\Controllers\Data))
#7 E:\xampp\htdocs\sistem-aps-uho\vendor\codeigniter4\framework\system\CodeIgniter.php(361): CodeIgniter\CodeIgniter->handleRequest(NULL, Object(Config\Cache), false)
#8 E:\xampp\htdocs\sistem-aps-uho\public\index.php(79): CodeIgniter\CodeIgniter->run()
#9 E:\xampp\htdocs\sistem-aps-uho\vendor\codeigniter4\framework\system\Commands\Server\rewrite.php(47): require_once('E:\\xampp\\htdocs...')
#10 {main}
CRITICAL - 2024-02-27 02:44:40 --> CodeIgniter\Database\Exceptions\DatabaseException: Table 'sistem_aps_uho.tabel_seleksi_maba' doesn't exist
in SYSTEMPATH\Database\BaseConnection.php on line 647.
 1 APPPATH\Models\SeleksiMahasiswaBaruModel.php(16): CodeIgniter\Database\BaseConnection->query('SELECT
        tabel_periode.tahun_akademik, tabel_seleksi_maba.id_jalur_masuk, peminat, daya_tampung, lulus_seleksi, registrasi_ulang
        
        FROM tabel_seleksi_maba, tabel_jalur_masuk, tabel_periode
        
        WHERE
        tabel_seleksi_maba.id_jalur_masuk = tabel_jalur_masuk.id_jalur_masuk
        AND tabel_seleksi_maba.id_periode = tabel_periode.id_periode')
 2 APPPATH\Controllers\Data.php(286): App\Models\SeleksiMahasiswaBaruModel->getAllDataChart()
 3 SYSTEMPATH\CodeIgniter.php(941): App\Controllers\Data->seleksiMahasiswaBaru()
 4 SYSTEMPATH\CodeIgniter.php(502): CodeIgniter\CodeIgniter->runController(Object(App\Controllers\Data))
 5 SYSTEMPATH\CodeIgniter.php(361): CodeIgniter\CodeIgniter->handleRequest(null, Object(Config\Cache), false)
 6 FCPATH\index.php(79): CodeIgniter\CodeIgniter->run()
 7 SYSTEMPATH\Commands\Server\rewrite.php(47): require_once('E:\\xampp\\htdocs\\sistem-aps-uho\\public\\index.php')
CRITICAL - 2024-02-27 02:44:40 --> [Caused by] CodeIgniter\Database\Exceptions\DatabaseException: Table 'sistem_aps_uho.tabel_seleksi_maba' doesn't exist
in SYSTEMPATH\Database\MySQLi\Connection.php on line 311.
 1 SYSTEMPATH\Database\BaseConnection.php(693): CodeIgniter\Database\MySQLi\Connection->execute('SELECT
        tabel_periode.tahun_akademik, tabel_seleksi_maba.id_jalur_masuk, peminat, daya_tampung, lulus_seleksi, registrasi_ulang
        
        FROM tabel_seleksi_maba, tabel_jalur_masuk, tabel_periode
        
        WHERE
        tabel_seleksi_maba.id_jalur_masuk = tabel_jalur_masuk.id_jalur_masuk
        AND tabel_seleksi_maba.id_periode = tabel_periode.id_periode')
 2 SYSTEMPATH\Database\BaseConnection.php(607): CodeIgniter\Database\BaseConnection->simpleQuery('SELECT
        tabel_periode.tahun_akademik, tabel_seleksi_maba.id_jalur_masuk, peminat, daya_tampung, lulus_seleksi, registrasi_ulang
        
        FROM tabel_seleksi_maba, tabel_jalur_masuk, tabel_periode
        
        WHERE
        tabel_seleksi_maba.id_jalur_masuk = tabel_jalur_masuk.id_jalur_masuk
        AND tabel_seleksi_maba.id_periode = tabel_periode.id_periode')
 3 APPPATH\Models\SeleksiMahasiswaBaruModel.php(16): CodeIgniter\Database\BaseConnection->query('SELECT
        tabel_periode.tahun_akademik, tabel_seleksi_maba.id_jalur_masuk, peminat, daya_tampung, lulus_seleksi, registrasi_ulang
        
        FROM tabel_seleksi_maba, tabel_jalur_masuk, tabel_periode
        
        WHERE
        tabel_seleksi_maba.id_jalur_masuk = tabel_jalur_masuk.id_jalur_masuk
        AND tabel_seleksi_maba.id_periode = tabel_periode.id_periode')
 4 APPPATH\Controllers\Data.php(286): App\Models\SeleksiMahasiswaBaruModel->getAllDataChart()
 5 SYSTEMPATH\CodeIgniter.php(941): App\Controllers\Data->seleksiMahasiswaBaru()
 6 SYSTEMPATH\CodeIgniter.php(502): CodeIgniter\CodeIgniter->runController(Object(App\Controllers\Data))
 7 SYSTEMPATH\CodeIgniter.php(361): CodeIgniter\CodeIgniter->handleRequest(null, Object(Config\Cache), false)
 8 FCPATH\index.php(79): CodeIgniter\CodeIgniter->run()
 9 SYSTEMPATH\Commands\Server\rewrite.php(47): require_once('E:\\xampp\\htdocs\\sistem-aps-uho\\public\\index.php')
CRITICAL - 2024-02-27 02:44:40 --> [Caused by] mysqli_sql_exception: Table 'sistem_aps_uho.tabel_seleksi_maba' doesn't exist
in SYSTEMPATH\Database\MySQLi\Connection.php on line 306.
 1 SYSTEMPATH\Database\MySQLi\Connection.php(306): mysqli->query('SELECT
        tabel_periode.tahun_akademik, tabel_seleksi_maba.id_jalur_masuk, peminat, daya_tampung, lulus_seleksi, registrasi_ulang
        
        FROM tabel_seleksi_maba, tabel_jalur_masuk, tabel_periode
        
        WHERE
        tabel_seleksi_maba.id_jalur_masuk = tabel_jalur_masuk.id_jalur_masuk
        AND tabel_seleksi_maba.id_periode = tabel_periode.id_periode', 0)
 2 SYSTEMPATH\Database\BaseConnection.php(693): CodeIgniter\Database\MySQLi\Connection->execute('SELECT
        tabel_periode.tahun_akademik, tabel_seleksi_maba.id_jalur_masuk, peminat, daya_tampung, lulus_seleksi, registrasi_ulang
        
        FROM tabel_seleksi_maba, tabel_jalur_masuk, tabel_periode
        
        WHERE
        tabel_seleksi_maba.id_jalur_masuk = tabel_jalur_masuk.id_jalur_masuk
        AND tabel_seleksi_maba.id_periode = tabel_periode.id_periode')
 3 SYSTEMPATH\Database\BaseConnection.php(607): CodeIgniter\Database\BaseConnection->simpleQuery('SELECT
        tabel_periode.tahun_akademik, tabel_seleksi_maba.id_jalur_masuk, peminat, daya_tampung, lulus_seleksi, registrasi_ulang
        
        FROM tabel_seleksi_maba, tabel_jalur_masuk, tabel_periode
        
        WHERE
        tabel_seleksi_maba.id_jalur_masuk = tabel_jalur_masuk.id_jalur_masuk
        AND tabel_seleksi_maba.id_periode = tabel_periode.id_periode')
 4 APPPATH\Models\SeleksiMahasiswaBaruModel.php(16): CodeIgniter\Database\BaseConnection->query('SELECT
        tabel_periode.tahun_akademik, tabel_seleksi_maba.id_jalur_masuk, peminat, daya_tampung, lulus_seleksi, registrasi_ulang
        
        FROM tabel_seleksi_maba, tabel_jalur_masuk, tabel_periode
        
        WHERE
        tabel_seleksi_maba.id_jalur_masuk = tabel_jalur_masuk.id_jalur_masuk
        AND tabel_seleksi_maba.id_periode = tabel_periode.id_periode')
 5 APPPATH\Controllers\Data.php(286): App\Models\SeleksiMahasiswaBaruModel->getAllDataChart()
 6 SYSTEMPATH\CodeIgniter.php(941): App\Controllers\Data->seleksiMahasiswaBaru()
 7 SYSTEMPATH\CodeIgniter.php(502): CodeIgniter\CodeIgniter->runController(Object(App\Controllers\Data))
 8 SYSTEMPATH\CodeIgniter.php(361): CodeIgniter\CodeIgniter->handleRequest(null, Object(Config\Cache), false)
 9 FCPATH\index.php(79): CodeIgniter\CodeIgniter->run()
10 SYSTEMPATH\Commands\Server\rewrite.php(47): require_once('E:\\xampp\\htdocs\\sistem-aps-uho\\public\\index.php')
ERROR - 2024-02-27 05:35:21 --> mysqli_sql_exception: Table 'sistem_aps_uho.produk_jasa' doesn't exist in E:\xampp\htdocs\sistem-aps-uho\vendor\codeigniter4\framework\system\Database\MySQLi\Connection.php:306
Stack trace:
#0 E:\xampp\htdocs\sistem-aps-uho\vendor\codeigniter4\framework\system\Database\MySQLi\Connection.php(306): mysqli->query('SELECT * FROM p...', 0)
#1 E:\xampp\htdocs\sistem-aps-uho\vendor\codeigniter4\framework\system\Database\BaseConnection.php(693): CodeIgniter\Database\MySQLi\Connection->execute('SELECT * FROM p...')
#2 E:\xampp\htdocs\sistem-aps-uho\vendor\codeigniter4\framework\system\Database\BaseConnection.php(607): CodeIgniter\Database\BaseConnection->simpleQuery('SELECT * FROM p...')
#3 E:\xampp\htdocs\sistem-aps-uho\app\Models\ProdukJasaModel.php(14): CodeIgniter\Database\BaseConnection->query('SELECT * FROM p...')
#4 E:\xampp\htdocs\sistem-aps-uho\app\Controllers\Data.php(298): App\Models\ProdukJasaModel->getdata()
#5 E:\xampp\htdocs\sistem-aps-uho\vendor\codeigniter4\framework\system\CodeIgniter.php(941): App\Controllers\Data->produkjasa()
#6 E:\xampp\htdocs\sistem-aps-uho\vendor\codeigniter4\framework\system\CodeIgniter.php(502): CodeIgniter\CodeIgniter->runController(Object(App\Controllers\Data))
#7 E:\xampp\htdocs\sistem-aps-uho\vendor\codeigniter4\framework\system\CodeIgniter.php(361): CodeIgniter\CodeIgniter->handleRequest(NULL, Object(Config\Cache), false)
#8 E:\xampp\htdocs\sistem-aps-uho\public\index.php(79): CodeIgniter\CodeIgniter->run()
#9 E:\xampp\htdocs\sistem-aps-uho\vendor\codeigniter4\framework\system\Commands\Server\rewrite.php(47): require_once('E:\\xampp\\htdocs...')
#10 {main}
CRITICAL - 2024-02-27 05:35:21 --> CodeIgniter\Database\Exceptions\DatabaseException: Table 'sistem_aps_uho.produk_jasa' doesn't exist
in SYSTEMPATH\Database\BaseConnection.php on line 647.
 1 APPPATH\Models\ProdukJasaModel.php(14): CodeIgniter\Database\BaseConnection->query('SELECT * FROM produk_jasa')
 2 APPPATH\Controllers\Data.php(298): App\Models\ProdukJasaModel->getdata()
 3 SYSTEMPATH\CodeIgniter.php(941): App\Controllers\Data->produkjasa()
 4 SYSTEMPATH\CodeIgniter.php(502): CodeIgniter\CodeIgniter->runController(Object(App\Controllers\Data))
 5 SYSTEMPATH\CodeIgniter.php(361): CodeIgniter\CodeIgniter->handleRequest(null, Object(Config\Cache), false)
 6 FCPATH\index.php(79): CodeIgniter\CodeIgniter->run()
 7 SYSTEMPATH\Commands\Server\rewrite.php(47): require_once('E:\\xampp\\htdocs\\sistem-aps-uho\\public\\index.php')
CRITICAL - 2024-02-27 05:35:21 --> [Caused by] CodeIgniter\Database\Exceptions\DatabaseException: Table 'sistem_aps_uho.produk_jasa' doesn't exist
in SYSTEMPATH\Database\MySQLi\Connection.php on line 311.
 1 SYSTEMPATH\Database\BaseConnection.php(693): CodeIgniter\Database\MySQLi\Connection->execute('SELECT * FROM produk_jasa')
 2 SYSTEMPATH\Database\BaseConnection.php(607): CodeIgniter\Database\BaseConnection->simpleQuery('SELECT * FROM produk_jasa')
 3 APPPATH\Models\ProdukJasaModel.php(14): CodeIgniter\Database\BaseConnection->query('SELECT * FROM produk_jasa')
 4 APPPATH\Controllers\Data.php(298): App\Models\ProdukJasaModel->getdata()
 5 SYSTEMPATH\CodeIgniter.php(941): App\Controllers\Data->produkjasa()
 6 SYSTEMPATH\CodeIgniter.php(502): CodeIgniter\CodeIgniter->runController(Object(App\Controllers\Data))
 7 SYSTEMPATH\CodeIgniter.php(361): CodeIgniter\CodeIgniter->handleRequest(null, Object(Config\Cache), false)
 8 FCPATH\index.php(79): CodeIgniter\CodeIgniter->run()
 9 SYSTEMPATH\Commands\Server\rewrite.php(47): require_once('E:\\xampp\\htdocs\\sistem-aps-uho\\public\\index.php')
CRITICAL - 2024-02-27 05:35:21 --> [Caused by] mysqli_sql_exception: Table 'sistem_aps_uho.produk_jasa' doesn't exist
in SYSTEMPATH\Database\MySQLi\Connection.php on line 306.
 1 SYSTEMPATH\Database\MySQLi\Connection.php(306): mysqli->query('SELECT * FROM produk_jasa', 0)
 2 SYSTEMPATH\Database\BaseConnection.php(693): CodeIgniter\Database\MySQLi\Connection->execute('SELECT * FROM produk_jasa')
 3 SYSTEMPATH\Database\BaseConnection.php(607): CodeIgniter\Database\BaseConnection->simpleQuery('SELECT * FROM produk_jasa')
 4 APPPATH\Models\ProdukJasaModel.php(14): CodeIgniter\Database\BaseConnection->query('SELECT * FROM produk_jasa')
 5 APPPATH\Controllers\Data.php(298): App\Models\ProdukJasaModel->getdata()
 6 SYSTEMPATH\CodeIgniter.php(941): App\Controllers\Data->produkjasa()
 7 SYSTEMPATH\CodeIgniter.php(502): CodeIgniter\CodeIgniter->runController(Object(App\Controllers\Data))
 8 SYSTEMPATH\CodeIgniter.php(361): CodeIgniter\CodeIgniter->handleRequest(null, Object(Config\Cache), false)
 9 FCPATH\index.php(79): CodeIgniter\CodeIgniter->run()
10 SYSTEMPATH\Commands\Server\rewrite.php(47): require_once('E:\\xampp\\htdocs\\sistem-aps-uho\\public\\index.php')
CRITICAL - 2024-02-27 05:36:18 --> ErrorException: Undefined variable $pembelajaranpraktikum
in APPPATH\Views\data\pembelajaranpraktikum.php on line 144.
 1 APPPATH\Views\data\pembelajaranpraktikum.php(144): CodeIgniter\Debug\Exceptions->errorHandler(2, 'Undefined variable $pembelajaranpraktikum', 'E:\\xampp\\htdocs\\sistem-aps-uho\\app\\Views\\data\\pembelajaranpraktikum.php', 144)
 2 SYSTEMPATH\View\View.php(228): include('E:\\xampp\\htdocs\\sistem-aps-uho\\app\\Views\\data\\pembelajaranpraktikum.php')
 3 SYSTEMPATH\View\View.php(231): CodeIgniter\View\View->CodeIgniter\View\{closure}()
 4 SYSTEMPATH\Common.php(1178): CodeIgniter\View\View->render('data/pembelajaranpraktikum', [], true)
 5 APPPATH\Controllers\Data.php(314): view('data/pembelajaranpraktikum', [...])
 6 SYSTEMPATH\CodeIgniter.php(941): App\Controllers\Data->produkjasa()
 7 SYSTEMPATH\CodeIgniter.php(502): CodeIgniter\CodeIgniter->runController(Object(App\Controllers\Data))
 8 SYSTEMPATH\CodeIgniter.php(361): CodeIgniter\CodeIgniter->handleRequest(null, Object(Config\Cache), false)
 9 FCPATH\index.php(79): CodeIgniter\CodeIgniter->run()
10 SYSTEMPATH\Commands\Server\rewrite.php(47): require_once('E:\\xampp\\htdocs\\sistem-aps-uho\\public\\index.php')
CRITICAL - 2024-02-27 05:37:01 --> ErrorException: Undefined variable $pembelajaranpraktikum
in APPPATH\Views\data\pembelajaranpraktikum.php on line 144.
 1 APPPATH\Views\data\pembelajaranpraktikum.php(144): CodeIgniter\Debug\Exceptions->errorHandler(2, 'Undefined variable $pembelajaranpraktikum', 'E:\\xampp\\htdocs\\sistem-aps-uho\\app\\Views\\data\\pembelajaranpraktikum.php', 144)
 2 SYSTEMPATH\View\View.php(228): include('E:\\xampp\\htdocs\\sistem-aps-uho\\app\\Views\\data\\pembelajaranpraktikum.php')
 3 SYSTEMPATH\View\View.php(231): CodeIgniter\View\View->CodeIgniter\View\{closure}()
 4 SYSTEMPATH\Common.php(1178): CodeIgniter\View\View->render('data/pembelajaranpraktikum', [], true)
 5 APPPATH\Controllers\Data.php(314): view('data/pembelajaranpraktikum', [...])
 6 SYSTEMPATH\CodeIgniter.php(941): App\Controllers\Data->produkjasa()
 7 SYSTEMPATH\CodeIgniter.php(502): CodeIgniter\CodeIgniter->runController(Object(App\Controllers\Data))
 8 SYSTEMPATH\CodeIgniter.php(361): CodeIgniter\CodeIgniter->handleRequest(null, Object(Config\Cache), false)
 9 FCPATH\index.php(79): CodeIgniter\CodeIgniter->run()
10 SYSTEMPATH\Commands\Server\rewrite.php(47): require_once('E:\\xampp\\htdocs\\sistem-aps-uho\\public\\index.php')
