CRITICAL - 2024-07-04 08:39:01 --> ErrorException: Declaration of App\Models\AkrEksternalModel::update($id, $data) must be compatible with CodeIgniter\Model::update($id = null, $row = null): bool
in APPPATH\Models\AkrEksternalModel.php on line 25.
 1 [internal function]: CodeIgniter\Debug\Exceptions->shutdownHandler()
CRITICAL - 2024-07-04 08:39:43 --> ErrorException: Declaration of App\Models\AkrEksternalModel::update($data) must be compatible with CodeIgniter\Model::update($id = null, $row = null): bool
in APPPATH\Models\AkrEksternalModel.php on line 25.
 1 [internal function]: CodeIgniter\Debug\Exceptions->shutdownHandler()
CRITICAL - 2024-07-04 08:50:47 --> ErrorException: Undefined variable $data
in APPPATH\Controllers\Data.php on line 326.
 1 APPPATH\Controllers\Data.php(326): CodeIgniter\Debug\Exceptions->errorHandler(2, 'Undefined variable $data', 'C:\\xampp\\htdocs\\sistem-aps-uho\\app\\Controllers\\Data.php', 326)
 2 SYSTEMPATH\CodeIgniter.php(941): App\Controllers\Data->akreksternal_update('42')
 3 SYSTEMPATH\CodeIgniter.php(502): CodeIgniter\CodeIgniter->runController(Object(App\Controllers\Data))
 4 SYSTEMPATH\CodeIgniter.php(361): CodeIgniter\CodeIgniter->handleRequest(null, Object(Config\Cache), false)
 5 FCPATH\index.php(79): CodeIgniter\CodeIgniter->run()
 6 SYSTEMPATH\Commands\Server\rewrite.php(47): require_once('C:\\xampp\\htdocs\\sistem-aps-uho\\public\\index.php')
CRITICAL - 2024-07-04 08:51:43 --> ArgumentCountError: Too few arguments to function App\Models\AkrEksternalModel::updateData(), 1 passed in C:\xampp\htdocs\sistem-aps-uho\app\Controllers\Data.php on line 326 and exactly 2 expected
in APPPATH\Models\AkrEksternalModel.php on line 25.
 1 APPPATH\Controllers\Data.php(326): App\Models\AkrEksternalModel->updateData('42')
 2 SYSTEMPATH\CodeIgniter.php(941): App\Controllers\Data->akreksternal_update('42')
 3 SYSTEMPATH\CodeIgniter.php(502): CodeIgniter\CodeIgniter->runController(Object(App\Controllers\Data))
 4 SYSTEMPATH\CodeIgniter.php(361): CodeIgniter\CodeIgniter->handleRequest(null, Object(Config\Cache), false)
 5 FCPATH\index.php(79): CodeIgniter\CodeIgniter->run()
 6 SYSTEMPATH\Commands\Server\rewrite.php(47): require_once('C:\\xampp\\htdocs\\sistem-aps-uho\\public\\index.php')
CRITICAL - 2024-07-04 08:51:57 --> ErrorException: Undefined variable $data
in APPPATH\Controllers\Data.php on line 326.
 1 APPPATH\Controllers\Data.php(326): CodeIgniter\Debug\Exceptions->errorHandler(2, 'Undefined variable $data', 'C:\\xampp\\htdocs\\sistem-aps-uho\\app\\Controllers\\Data.php', 326)
 2 SYSTEMPATH\CodeIgniter.php(941): App\Controllers\Data->akreksternal_update('42')
 3 SYSTEMPATH\CodeIgniter.php(502): CodeIgniter\CodeIgniter->runController(Object(App\Controllers\Data))
 4 SYSTEMPATH\CodeIgniter.php(361): CodeIgniter\CodeIgniter->handleRequest(null, Object(Config\Cache), false)
 5 FCPATH\index.php(79): CodeIgniter\CodeIgniter->run()
 6 SYSTEMPATH\Commands\Server\rewrite.php(47): require_once('C:\\xampp\\htdocs\\sistem-aps-uho\\public\\index.php')
CRITICAL - 2024-07-04 09:21:36 --> ErrorException: Undefined variable $pg
in APPPATH\Views\data\auditkeuanganeks.php on line 187.
 1 APPPATH\Views\data\auditkeuanganeks.php(187): CodeIgniter\Debug\Exceptions->errorHandler(2, 'Undefined variable $pg', 'C:\\xampp\\htdocs\\sistem-aps-uho\\app\\Views\\data\\auditkeuanganeks.php', 187)
 2 SYSTEMPATH\View\View.php(228): include('C:\\xampp\\htdocs\\sistem-aps-uho\\app\\Views\\data\\auditkeuanganeks.php')
 3 SYSTEMPATH\View\View.php(231): CodeIgniter\View\View->CodeIgniter\View\{closure}()
 4 SYSTEMPATH\Common.php(1178): CodeIgniter\View\View->render('data/auditkeuanganeks', [], true)
 5 APPPATH\Controllers\Data.php(122): view('data/auditkeuanganeks', [...])
 6 SYSTEMPATH\CodeIgniter.php(941): App\Controllers\Data->auditkeuanganeks()
 7 SYSTEMPATH\CodeIgniter.php(502): CodeIgniter\CodeIgniter->runController(Object(App\Controllers\Data))
 8 SYSTEMPATH\CodeIgniter.php(361): CodeIgniter\CodeIgniter->handleRequest(null, Object(Config\Cache), false)
 9 FCPATH\index.php(79): CodeIgniter\CodeIgniter->run()
10 SYSTEMPATH\Commands\Server\rewrite.php(47): require_once('C:\\xampp\\htdocs\\sistem-aps-uho\\public\\index.php')
CRITICAL - 2024-07-04 09:22:08 --> Error: Cannot use object of type stdClass as array
in APPPATH\Views\data\auditkeuanganeks.php on line 187.
 1 SYSTEMPATH\View\View.php(228): include()
 2 SYSTEMPATH\View\View.php(231): CodeIgniter\View\View->CodeIgniter\View\{closure}()
 3 SYSTEMPATH\Common.php(1178): CodeIgniter\View\View->render('data/auditkeuanganeks', [], true)
 4 APPPATH\Controllers\Data.php(122): view('data/auditkeuanganeks', [...])
 5 SYSTEMPATH\CodeIgniter.php(941): App\Controllers\Data->auditkeuanganeks()
 6 SYSTEMPATH\CodeIgniter.php(502): CodeIgniter\CodeIgniter->runController(Object(App\Controllers\Data))
 7 SYSTEMPATH\CodeIgniter.php(361): CodeIgniter\CodeIgniter->handleRequest(null, Object(Config\Cache), false)
 8 FCPATH\index.php(79): CodeIgniter\CodeIgniter->run()
 9 SYSTEMPATH\Commands\Server\rewrite.php(47): require_once('C:\\xampp\\htdocs\\sistem-aps-uho\\public\\index.php')
CRITICAL - 2024-07-04 09:23:35 --> Error: Cannot use object of type stdClass as array
in APPPATH\Views\data\auditkeuanganeks.php on line 231.
 1 SYSTEMPATH\View\View.php(228): include()
 2 SYSTEMPATH\View\View.php(231): CodeIgniter\View\View->CodeIgniter\View\{closure}()
 3 SYSTEMPATH\Common.php(1178): CodeIgniter\View\View->render('data/auditkeuanganeks', [], true)
 4 APPPATH\Controllers\Data.php(122): view('data/auditkeuanganeks', [...])
 5 SYSTEMPATH\CodeIgniter.php(941): App\Controllers\Data->auditkeuanganeks()
 6 SYSTEMPATH\CodeIgniter.php(502): CodeIgniter\CodeIgniter->runController(Object(App\Controllers\Data))
 7 SYSTEMPATH\CodeIgniter.php(361): CodeIgniter\CodeIgniter->handleRequest(null, Object(Config\Cache), false)
 8 FCPATH\index.php(79): CodeIgniter\CodeIgniter->run()
 9 SYSTEMPATH\Commands\Server\rewrite.php(47): require_once('C:\\xampp\\htdocs\\sistem-aps-uho\\public\\index.php')
CRITICAL - 2024-07-04 09:24:26 --> ErrorException: Undefined variable $pg
in APPPATH\Views\data\auditkeuanganeks.php on line 234.
 1 APPPATH\Views\data\auditkeuanganeks.php(234): CodeIgniter\Debug\Exceptions->errorHandler(2, 'Undefined variable $pg', 'C:\\xampp\\htdocs\\sistem-aps-uho\\app\\Views\\data\\auditkeuanganeks.php', 234)
 2 SYSTEMPATH\View\View.php(228): include('C:\\xampp\\htdocs\\sistem-aps-uho\\app\\Views\\data\\auditkeuanganeks.php')
 3 SYSTEMPATH\View\View.php(231): CodeIgniter\View\View->CodeIgniter\View\{closure}()
 4 SYSTEMPATH\Common.php(1178): CodeIgniter\View\View->render('data/auditkeuanganeks', [], true)
 5 APPPATH\Controllers\Data.php(122): view('data/auditkeuanganeks', [...])
 6 SYSTEMPATH\CodeIgniter.php(941): App\Controllers\Data->auditkeuanganeks()
 7 SYSTEMPATH\CodeIgniter.php(502): CodeIgniter\CodeIgniter->runController(Object(App\Controllers\Data))
 8 SYSTEMPATH\CodeIgniter.php(361): CodeIgniter\CodeIgniter->handleRequest(null, Object(Config\Cache), false)
 9 FCPATH\index.php(79): CodeIgniter\CodeIgniter->run()
10 SYSTEMPATH\Commands\Server\rewrite.php(47): require_once('C:\\xampp\\htdocs\\sistem-aps-uho\\public\\index.php')
CRITICAL - 2024-07-04 09:59:29 --> ErrorException: Undefined array key "id"
in APPPATH\Views\data\akrprodi.php on line 210.
 1 APPPATH\Views\data\akrprodi.php(210): CodeIgniter\Debug\Exceptions->errorHandler(2, 'Undefined array key "id"', 'C:\\xampp\\htdocs\\sistem-aps-uho\\app\\Views\\data\\akrprodi.php', 210)
 2 SYSTEMPATH\View\View.php(228): include('C:\\xampp\\htdocs\\sistem-aps-uho\\app\\Views\\data\\akrprodi.php')
 3 SYSTEMPATH\View\View.php(231): CodeIgniter\View\View->CodeIgniter\View\{closure}()
 4 SYSTEMPATH\Common.php(1178): CodeIgniter\View\View->render('data/akrprodi', [], true)
 5 APPPATH\Controllers\Data.php(301): view('data/akrprodi', [...])
 6 SYSTEMPATH\CodeIgniter.php(941): App\Controllers\Data->akrprodi()
 7 SYSTEMPATH\CodeIgniter.php(502): CodeIgniter\CodeIgniter->runController(Object(App\Controllers\Data))
 8 SYSTEMPATH\CodeIgniter.php(361): CodeIgniter\CodeIgniter->handleRequest(null, Object(Config\Cache), false)
 9 FCPATH\index.php(79): CodeIgniter\CodeIgniter->run()
10 SYSTEMPATH\Commands\Server\rewrite.php(47): require_once('C:\\xampp\\htdocs\\sistem-aps-uho\\public\\index.php')
CRITICAL - 2024-07-04 10:00:09 --> ErrorException: Undefined array key "id"
in APPPATH\Views\data\akrprodi.php on line 249.
 1 APPPATH\Views\data\akrprodi.php(249): CodeIgniter\Debug\Exceptions->errorHandler(2, 'Undefined array key "id"', 'C:\\xampp\\htdocs\\sistem-aps-uho\\app\\Views\\data\\akrprodi.php', 249)
 2 SYSTEMPATH\View\View.php(228): include('C:\\xampp\\htdocs\\sistem-aps-uho\\app\\Views\\data\\akrprodi.php')
 3 SYSTEMPATH\View\View.php(231): CodeIgniter\View\View->CodeIgniter\View\{closure}()
 4 SYSTEMPATH\Common.php(1178): CodeIgniter\View\View->render('data/akrprodi', [], true)
 5 APPPATH\Controllers\Data.php(301): view('data/akrprodi', [...])
 6 SYSTEMPATH\CodeIgniter.php(941): App\Controllers\Data->akrprodi()
 7 SYSTEMPATH\CodeIgniter.php(502): CodeIgniter\CodeIgniter->runController(Object(App\Controllers\Data))
 8 SYSTEMPATH\CodeIgniter.php(361): CodeIgniter\CodeIgniter->handleRequest(null, Object(Config\Cache), false)
 9 FCPATH\index.php(79): CodeIgniter\CodeIgniter->run()
10 SYSTEMPATH\Commands\Server\rewrite.php(47): require_once('C:\\xampp\\htdocs\\sistem-aps-uho\\public\\index.php')
CRITICAL - 2024-07-04 10:03:13 --> ErrorException: Undefined array key "id"
in APPPATH\Views\data\akrprodi.php on line 253.
 1 APPPATH\Views\data\akrprodi.php(253): CodeIgniter\Debug\Exceptions->errorHandler(2, 'Undefined array key "id"', 'C:\\xampp\\htdocs\\sistem-aps-uho\\app\\Views\\data\\akrprodi.php', 253)
 2 SYSTEMPATH\View\View.php(228): include('C:\\xampp\\htdocs\\sistem-aps-uho\\app\\Views\\data\\akrprodi.php')
 3 SYSTEMPATH\View\View.php(231): CodeIgniter\View\View->CodeIgniter\View\{closure}()
 4 SYSTEMPATH\Common.php(1178): CodeIgniter\View\View->render('data/akrprodi', [], true)
 5 APPPATH\Controllers\Data.php(301): view('data/akrprodi', [...])
 6 SYSTEMPATH\CodeIgniter.php(941): App\Controllers\Data->akrprodi()
 7 SYSTEMPATH\CodeIgniter.php(502): CodeIgniter\CodeIgniter->runController(Object(App\Controllers\Data))
 8 SYSTEMPATH\CodeIgniter.php(361): CodeIgniter\CodeIgniter->handleRequest(null, Object(Config\Cache), false)
 9 FCPATH\index.php(79): CodeIgniter\CodeIgniter->run()
10 SYSTEMPATH\Commands\Server\rewrite.php(47): require_once('C:\\xampp\\htdocs\\sistem-aps-uho\\public\\index.php')
CRITICAL - 2024-07-04 10:03:16 --> ErrorException: Undefined array key "id"
in APPPATH\Views\data\akrprodi.php on line 253.
 1 APPPATH\Views\data\akrprodi.php(253): CodeIgniter\Debug\Exceptions->errorHandler(2, 'Undefined array key "id"', 'C:\\xampp\\htdocs\\sistem-aps-uho\\app\\Views\\data\\akrprodi.php', 253)
 2 SYSTEMPATH\View\View.php(228): include('C:\\xampp\\htdocs\\sistem-aps-uho\\app\\Views\\data\\akrprodi.php')
 3 SYSTEMPATH\View\View.php(231): CodeIgniter\View\View->CodeIgniter\View\{closure}()
 4 SYSTEMPATH\Common.php(1178): CodeIgniter\View\View->render('data/akrprodi', [], true)
 5 APPPATH\Controllers\Data.php(301): view('data/akrprodi', [...])
 6 SYSTEMPATH\CodeIgniter.php(941): App\Controllers\Data->akrprodi()
 7 SYSTEMPATH\CodeIgniter.php(502): CodeIgniter\CodeIgniter->runController(Object(App\Controllers\Data))
 8 SYSTEMPATH\CodeIgniter.php(361): CodeIgniter\CodeIgniter->handleRequest(null, Object(Config\Cache), false)
 9 FCPATH\index.php(79): CodeIgniter\CodeIgniter->run()
10 SYSTEMPATH\Commands\Server\rewrite.php(47): require_once('C:\\xampp\\htdocs\\sistem-aps-uho\\public\\index.php')
