ERROR - 2024-02-28 00:51:41 --> mysqli_sql_exception: Table 'sistem_aps_uho.tabel_seleksi_maba' doesn't exist in E:\xampp\htdocs\sistem-aps-uho\vendor\codeigniter4\framework\system\Database\MySQLi\Connection.php:306
Stack trace:
#0 E:\xampp\htdocs\sistem-aps-uho\vendor\codeigniter4\framework\system\Database\MySQLi\Connection.php(306): mysqli->query('SELECT\r\n       ...', 0)
#1 E:\xampp\htdocs\sistem-aps-uho\vendor\codeigniter4\framework\system\Database\BaseConnection.php(693): CodeIgniter\Database\MySQLi\Connection->execute('SELECT\r\n       ...')
#2 E:\xampp\htdocs\sistem-aps-uho\vendor\codeigniter4\framework\system\Database\BaseConnection.php(607): CodeIgniter\Database\BaseConnection->simpleQuery('SELECT\r\n       ...')
#3 E:\xampp\htdocs\sistem-aps-uho\app\Models\SeleksiMahasiswaBaruModel.php(16): CodeIgniter\Database\BaseConnection->query('SELECT\r\n       ...')
#4 E:\xampp\htdocs\sistem-aps-uho\app\Controllers\Data.php(289): App\Models\SeleksiMahasiswaBaruModel->getAllDataChart()
#5 E:\xampp\htdocs\sistem-aps-uho\vendor\codeigniter4\framework\system\CodeIgniter.php(941): App\Controllers\Data->seleksiMahasiswaBaru()
#6 E:\xampp\htdocs\sistem-aps-uho\vendor\codeigniter4\framework\system\CodeIgniter.php(502): CodeIgniter\CodeIgniter->runController(Object(App\Controllers\Data))
#7 E:\xampp\htdocs\sistem-aps-uho\vendor\codeigniter4\framework\system\CodeIgniter.php(361): CodeIgniter\CodeIgniter->handleRequest(NULL, Object(Config\Cache), false)
#8 E:\xampp\htdocs\sistem-aps-uho\public\index.php(79): CodeIgniter\CodeIgniter->run()
#9 E:\xampp\htdocs\sistem-aps-uho\vendor\codeigniter4\framework\system\Commands\Server\rewrite.php(47): require_once('E:\\xampp\\htdocs...')
#10 {main}
CRITICAL - 2024-02-28 00:51:41 --> CodeIgniter\Database\Exceptions\DatabaseException: Table 'sistem_aps_uho.tabel_seleksi_maba' doesn't exist
in SYSTEMPATH\Database\BaseConnection.php on line 647.
 1 APPPATH\Models\SeleksiMahasiswaBaruModel.php(16): CodeIgniter\Database\BaseConnection->query('SELECT
        tabel_periode.tahun_akademik, tabel_seleksi_maba.id_jalur_masuk, peminat, daya_tampung, lulus_seleksi, registrasi_ulang
        
        FROM tabel_seleksi_maba, tabel_jalur_masuk, tabel_periode
        
        WHERE
        tabel_seleksi_maba.id_jalur_masuk = tabel_jalur_masuk.id_jalur_masuk
        AND tabel_seleksi_maba.id_periode = tabel_periode.id_periode')
 2 APPPATH\Controllers\Data.php(289): App\Models\SeleksiMahasiswaBaruModel->getAllDataChart()
 3 SYSTEMPATH\CodeIgniter.php(941): App\Controllers\Data->seleksiMahasiswaBaru()
 4 SYSTEMPATH\CodeIgniter.php(502): CodeIgniter\CodeIgniter->runController(Object(App\Controllers\Data))
 5 SYSTEMPATH\CodeIgniter.php(361): CodeIgniter\CodeIgniter->handleRequest(null, Object(Config\Cache), false)
 6 FCPATH\index.php(79): CodeIgniter\CodeIgniter->run()
 7 SYSTEMPATH\Commands\Server\rewrite.php(47): require_once('E:\\xampp\\htdocs\\sistem-aps-uho\\public\\index.php')
CRITICAL - 2024-02-28 00:51:41 --> [Caused by] CodeIgniter\Database\Exceptions\DatabaseException: Table 'sistem_aps_uho.tabel_seleksi_maba' doesn't exist
in SYSTEMPATH\Database\MySQLi\Connection.php on line 311.
 1 SYSTEMPATH\Database\BaseConnection.php(693): CodeIgniter\Database\MySQLi\Connection->execute('SELECT
        tabel_periode.tahun_akademik, tabel_seleksi_maba.id_jalur_masuk, peminat, daya_tampung, lulus_seleksi, registrasi_ulang
        
        FROM tabel_seleksi_maba, tabel_jalur_masuk, tabel_periode
        
        WHERE
        tabel_seleksi_maba.id_jalur_masuk = tabel_jalur_masuk.id_jalur_masuk
        AND tabel_seleksi_maba.id_periode = tabel_periode.id_periode')
 2 SYSTEMPATH\Database\BaseConnection.php(607): CodeIgniter\Database\BaseConnection->simpleQuery('SELECT
        tabel_periode.tahun_akademik, tabel_seleksi_maba.id_jalur_masuk, peminat, daya_tampung, lulus_seleksi, registrasi_ulang
        
        FROM tabel_seleksi_maba, tabel_jalur_masuk, tabel_periode
        
        WHERE
        tabel_seleksi_maba.id_jalur_masuk = tabel_jalur_masuk.id_jalur_masuk
        AND tabel_seleksi_maba.id_periode = tabel_periode.id_periode')
 3 APPPATH\Models\SeleksiMahasiswaBaruModel.php(16): CodeIgniter\Database\BaseConnection->query('SELECT
        tabel_periode.tahun_akademik, tabel_seleksi_maba.id_jalur_masuk, peminat, daya_tampung, lulus_seleksi, registrasi_ulang
        
        FROM tabel_seleksi_maba, tabel_jalur_masuk, tabel_periode
        
        WHERE
        tabel_seleksi_maba.id_jalur_masuk = tabel_jalur_masuk.id_jalur_masuk
        AND tabel_seleksi_maba.id_periode = tabel_periode.id_periode')
 4 APPPATH\Controllers\Data.php(289): App\Models\SeleksiMahasiswaBaruModel->getAllDataChart()
 5 SYSTEMPATH\CodeIgniter.php(941): App\Controllers\Data->seleksiMahasiswaBaru()
 6 SYSTEMPATH\CodeIgniter.php(502): CodeIgniter\CodeIgniter->runController(Object(App\Controllers\Data))
 7 SYSTEMPATH\CodeIgniter.php(361): CodeIgniter\CodeIgniter->handleRequest(null, Object(Config\Cache), false)
 8 FCPATH\index.php(79): CodeIgniter\CodeIgniter->run()
 9 SYSTEMPATH\Commands\Server\rewrite.php(47): require_once('E:\\xampp\\htdocs\\sistem-aps-uho\\public\\index.php')
CRITICAL - 2024-02-28 00:51:41 --> [Caused by] mysqli_sql_exception: Table 'sistem_aps_uho.tabel_seleksi_maba' doesn't exist
in SYSTEMPATH\Database\MySQLi\Connection.php on line 306.
 1 SYSTEMPATH\Database\MySQLi\Connection.php(306): mysqli->query('SELECT
        tabel_periode.tahun_akademik, tabel_seleksi_maba.id_jalur_masuk, peminat, daya_tampung, lulus_seleksi, registrasi_ulang
        
        FROM tabel_seleksi_maba, tabel_jalur_masuk, tabel_periode
        
        WHERE
        tabel_seleksi_maba.id_jalur_masuk = tabel_jalur_masuk.id_jalur_masuk
        AND tabel_seleksi_maba.id_periode = tabel_periode.id_periode', 0)
 2 SYSTEMPATH\Database\BaseConnection.php(693): CodeIgniter\Database\MySQLi\Connection->execute('SELECT
        tabel_periode.tahun_akademik, tabel_seleksi_maba.id_jalur_masuk, peminat, daya_tampung, lulus_seleksi, registrasi_ulang
        
        FROM tabel_seleksi_maba, tabel_jalur_masuk, tabel_periode
        
        WHERE
        tabel_seleksi_maba.id_jalur_masuk = tabel_jalur_masuk.id_jalur_masuk
        AND tabel_seleksi_maba.id_periode = tabel_periode.id_periode')
 3 SYSTEMPATH\Database\BaseConnection.php(607): CodeIgniter\Database\BaseConnection->simpleQuery('SELECT
        tabel_periode.tahun_akademik, tabel_seleksi_maba.id_jalur_masuk, peminat, daya_tampung, lulus_seleksi, registrasi_ulang
        
        FROM tabel_seleksi_maba, tabel_jalur_masuk, tabel_periode
        
        WHERE
        tabel_seleksi_maba.id_jalur_masuk = tabel_jalur_masuk.id_jalur_masuk
        AND tabel_seleksi_maba.id_periode = tabel_periode.id_periode')
 4 APPPATH\Models\SeleksiMahasiswaBaruModel.php(16): CodeIgniter\Database\BaseConnection->query('SELECT
        tabel_periode.tahun_akademik, tabel_seleksi_maba.id_jalur_masuk, peminat, daya_tampung, lulus_seleksi, registrasi_ulang
        
        FROM tabel_seleksi_maba, tabel_jalur_masuk, tabel_periode
        
        WHERE
        tabel_seleksi_maba.id_jalur_masuk = tabel_jalur_masuk.id_jalur_masuk
        AND tabel_seleksi_maba.id_periode = tabel_periode.id_periode')
 5 APPPATH\Controllers\Data.php(289): App\Models\SeleksiMahasiswaBaruModel->getAllDataChart()
 6 SYSTEMPATH\CodeIgniter.php(941): App\Controllers\Data->seleksiMahasiswaBaru()
 7 SYSTEMPATH\CodeIgniter.php(502): CodeIgniter\CodeIgniter->runController(Object(App\Controllers\Data))
 8 SYSTEMPATH\CodeIgniter.php(361): CodeIgniter\CodeIgniter->handleRequest(null, Object(Config\Cache), false)
 9 FCPATH\index.php(79): CodeIgniter\CodeIgniter->run()
10 SYSTEMPATH\Commands\Server\rewrite.php(47): require_once('E:\\xampp\\htdocs\\sistem-aps-uho\\public\\index.php')
